This is pdfTeX, Version 3.141592653-2.6-1.40.26 (MiKTeX 24.4) (preloaded format=pdflatex 2024.10.28)  28 OCT 2024 22:18
entering extended mode
 restricted \write18 enabled.
 %&-line parsing enabled.
**./refman.tex
(refman.tex
LaTeX2e <2024-06-01> patch level 2
L3 programming layer <2024-10-09>
(C:\Users\Usuario\AppData\Local\Programs\MiKTeX\tex/generic/iftex\iftex.sty
Package: iftex 2022/02/03 v1.0f TeX engine tests
)
(C:\Users\Usuario\AppData\Local\Programs\MiKTeX\tex/latex/base\book.cls
Document Class: book 2024/02/08 v1.4n Standard LaTeX document class
(C:\Users\Usuario\AppData\Local\Programs\MiKTeX\tex/latex/base\bk10.clo
File: bk10.clo 2024/02/08 v1.4n Standard LaTeX file (size option)
)
\c@part=\count194
\c@chapter=\count195
\c@section=\count196
\c@subsection=\count197
\c@subsubsection=\count198
\c@paragraph=\count199
\c@subparagraph=\count266
\c@figure=\count267
\c@table=\count268
\abovecaptionskip=\skip49
\belowcaptionskip=\skip50
\bibindent=\dimen141
)
(C:\Users\Usuario\AppData\Local\Programs\MiKTeX\tex/latex/base\ifthen.sty
Package: ifthen 2024/03/16 v1.1e Standard LaTeX ifthen package (DPC)
)
(C:\Users\Usuario\AppData\Local\Programs\MiKTeX\tex/latex/tools\array.sty
Rollback for package 'array' requested -> date 2016-10-06.
         Best approximation is the release introduced on 2016-10-06.

(C:\Users\Usuario\AppData\Local\Programs\MiKTeX\tex/latex/tools\array-2016-10-0
6.sty
Package: array 2016/10/06 v2.4d Tabular extension package (FMi)
\col@sep=\dimen142
\extrarowheight=\dimen143
\NC@list=\toks17
\extratabsurround=\skip51
\backup@length=\skip52
))
(C:\Users\Usuario\AppData\Local\Programs\MiKTeX\tex/generic/infwarerr\infwarerr
.sty
package info suppressed
) (doxygen.sty
Package: doxygen 

(C:\Users\Usuario\AppData\Local\Programs\MiKTeX\tex/latex/base\alltt.sty
Package: alltt 2024/02/08 v2.0g defines alltt environment
)
(C:\Users\Usuario\AppData\Local\Programs\MiKTeX\tex/latex/tools\calc.sty
Package: calc 2023/07/08 v4.3 Infix arithmetic (KKT,FJ)
\calc@Acount=\count269
\calc@Bcount=\count270
\calc@Adimen=\dimen144
\calc@Bdimen=\dimen145
\calc@Askip=\skip53
\calc@Bskip=\skip54
LaTeX Info: Redefining \setlength on input line 80.
LaTeX Info: Redefining \addtolength on input line 81.
\calc@Ccount=\count271
\calc@Cskip=\skip55
)
(C:\Users\Usuario\AppData\Local\Programs\MiKTeX\tex/latex/float\float.sty
Package: float 2001/11/08 v1.3d Float enhancements (AL)
\c@float@type=\count272
\float@exts=\toks18
\float@box=\box52
\@float@everytoks=\toks19
\@floatcapt=\box53
)
(C:\Users\Usuario\AppData\Local\Programs\MiKTeX\tex/latex/tools\verbatim.sty
Package: verbatim 2024-01-22 v1.5x LaTeX2e package for verbatim enhancements
\every@verbatim=\toks20
\verbatim@line=\toks21
\verbatim@in@stream=\read2
)
(C:\Users\Usuario\AppData\Local\Programs\MiKTeX\tex/latex/xcolor\xcolor.sty
Package: xcolor 2024/09/29 v3.02 LaTeX color extensions (UK)

(C:\Users\Usuario\AppData\Local\Programs\MiKTeX\tex/latex/graphics-cfg\color.cf
g
File: color.cfg 2016/01/02 v1.6 sample color configuration
)
Package xcolor Info: Driver file: pdftex.def on input line 274.

(C:\Users\Usuario\AppData\Local\Programs\MiKTeX\tex/latex/graphics-def\pdftex.d
ef
File: pdftex.def 2024/04/13 v1.2c Graphics/color driver for pdftex
)
(C:\Users\Usuario\AppData\Local\Programs\MiKTeX\tex/latex/graphics\mathcolor.lt
x)
Package xcolor Info: Model `cmy' substituted by `cmy0' on input line 1349.
Package xcolor Info: Model `hsb' substituted by `rgb' on input line 1353.
Package xcolor Info: Model `RGB' extended on input line 1365.
Package xcolor Info: Model `HTML' substituted by `rgb' on input line 1367.
Package xcolor Info: Model `Hsb' substituted by `hsb' on input line 1368.
Package xcolor Info: Model `tHsb' substituted by `hsb' on input line 1369.
Package xcolor Info: Model `HSB' substituted by `hsb' on input line 1370.
Package xcolor Info: Model `Gray' substituted by `gray' on input line 1371.
Package xcolor Info: Model `wave' substituted by `hsb' on input line 1372.
)
(C:\Users\Usuario\AppData\Local\Programs\MiKTeX\tex/latex/colortbl\colortbl.sty
Package: colortbl 2024/07/06 v1.0i Color table columns (DPC)
\everycr=\toks22
\minrowclearance=\skip56
\rownum=\count273
) (longtable_doxygen.sty
Package: longtable_doxygen 2014/10/28 v4.11 Multi-page Table package (DPC) - fr
ozen version for doxygen
\LTleft=\skip57
\LTright=\skip58
\LTpre=\skip59
\LTpost=\skip60
\LTchunksize=\count274
\LTcapwidth=\dimen146
\LT@head=\box54
\LT@firsthead=\box55
\LT@foot=\box56
\LT@lastfoot=\box57
\LT@cols=\count275
\LT@rows=\count276
\c@LT@tables=\count277
\c@LT@chunks=\count278
\LT@p@ftn=\toks23
) (tabu_doxygen.sty
Package: tabu_doxygen 2011/02/26 v2.8 - flexible LaTeX tabulars (FC), frozen ve
rsion for doxygen

(C:\Users\Usuario\AppData\Local\Programs\MiKTeX\tex/latex/varwidth\varwidth.sty
Package: varwidth 2009/03/30 ver 0.92;  Variable-width minipages
\@vwid@box=\box58
\sift@deathcycles=\count279
\@vwid@loff=\dimen147
\@vwid@roff=\dimen148
)
\c@taburow=\count280
\tabu@nbcols=\count281
\tabu@cnt=\count282
\tabu@Xcol=\count283
\tabu@alloc=\count284
\tabu@nested=\count285
\tabu@target=\dimen149
\tabu@spreadtarget=\dimen150
\tabu@naturalX=\dimen151
\tabucolX=\dimen152
\tabu@Xsum=\dimen153
\extrarowdepth=\dimen154
\abovetabulinesep=\dimen155
\belowtabulinesep=\dimen156
\tabustrutrule=\dimen157
\tabu@thebody=\toks24
\tabu@footnotes=\toks25
\tabu@box=\box59
\tabu@arstrutbox=\box60
\tabu@hleads=\box61
\tabu@vleads=\box62
\tabu@cellskip=\skip61
)
(C:\Users\Usuario\AppData\Local\Programs\MiKTeX\tex/latex/fancyvrb\fancyvrb.sty
Package: fancyvrb 2024/01/20 4.5c verbatim text (tvz,hv)
(C:\Users\Usuario\AppData\Local\Programs\MiKTeX\tex/latex/graphics\keyval.sty
Package: keyval 2022/05/29 v1.15 key=value parser (DPC)
\KV@toks@=\toks26
)
\FV@CodeLineNo=\count286
\FV@InFile=\read3
\FV@TabBox=\box63
\c@FancyVerbLine=\count287
\FV@StepNumber=\count288
\FV@OutFile=\write3
) (C:\Users\Usuario\AppData\Local\Programs\MiKTeX\tex/latex/tools\tabularx.sty
Package: tabularx 2023/12/11 v2.12a `tabularx' package (DPC)
\TX@col@width=\dimen158
\TX@old@table=\dimen159
\TX@old@col=\dimen160
\TX@target=\dimen161
\TX@delta=\dimen162
\TX@cols=\count289
\TX@ftn=\toks27
)
(C:\Users\Usuario\AppData\Local\Programs\MiKTeX\tex/latex/tools\multicol.sty
Package: multicol 2024/05/23 v1.9h multicolumn formatting (FMi)
\c@tracingmulticols=\count290
\mult@box=\box64
\multicol@leftmargin=\dimen163
\c@unbalance=\count291
\c@collectmore=\count292
\doublecol@number=\count293
\multicoltolerance=\count294
\multicolpretolerance=\count295
\full@width=\dimen164
\page@free=\dimen165
\premulticols=\dimen166
\postmulticols=\dimen167
\multicolsep=\skip62
\multicolbaselineskip=\skip63
\partial@page=\box65
\last@line=\box66
\mc@boxedresult=\box67
\maxbalancingoverflow=\dimen168
\mult@rightbox=\box68
\mult@grightbox=\box69
\mult@firstbox=\box70
\mult@gfirstbox=\box71
\@tempa=\box72
\@tempa=\box73
\@tempa=\box74
\@tempa=\box75
\@tempa=\box76
\@tempa=\box77
\@tempa=\box78
\@tempa=\box79
\@tempa=\box80
\@tempa=\box81
\@tempa=\box82
\@tempa=\box83
\@tempa=\box84
\@tempa=\box85
\@tempa=\box86
\@tempa=\box87
\@tempa=\box88
\@tempa=\box89
\@tempa=\box90
\@tempa=\box91
\@tempa=\box92
\@tempa=\box93
\@tempa=\box94
\@tempa=\box95
\@tempa=\box96
\@tempa=\box97
\@tempa=\box98
\@tempa=\box99
\@tempa=\box100
\@tempa=\box101
\@tempa=\box102
\@tempa=\box103
\@tempa=\box104
\@tempa=\box105
\@tempa=\box106
\@tempa=\box107
\c@minrows=\count296
\c@columnbadness=\count297
\c@finalcolumnbadness=\count298
\last@try=\dimen169
\multicolovershoot=\dimen170
\multicolundershoot=\dimen171
\mult@nat@firstbox=\box108
\colbreak@box=\box109
\mc@col@check@num=\count299
)
(C:\Users\Usuario\AppData\Local\Programs\MiKTeX\tex/latex/multirow\multirow.sty
Package: multirow 2021/03/15 v2.8 Span multiple rows of a table
\multirow@colwidth=\skip64
\multirow@cntb=\count300
\multirow@dima=\skip65
\bigstrutjot=\dimen172
) (C:\Users\Usuario\AppData\Local\Programs\MiKTeX\tex/latex/hanging\hanging.sty
Package: hanging 2009/09/02 v1.2b hanging paragraphs and punctuation
\h@ngcommawd=\skip66
\h@ngfstopwd=\skip67
\h@ngquotewd=\skip68
\h@ngdquotewd=\skip69
\h@ngquerywd=\skip70
\h@ngexclwd=\skip71
\h@ngcolonwd=\skip72
\h@ngscolonwd=\skip73
) (C:\Users\Usuario\AppData\Local\Programs\MiKTeX\tex/generic/iftex\ifpdf.sty
Package: ifpdf 2019/10/25 v3.4 ifpdf legacy package. Use iftex instead.
)
(C:\Users\Usuario\AppData\Local\Programs\MiKTeX\tex/latex/adjustbox\adjustbox.s
ty
Package: adjustbox 2022/10/17 v1.3a Adjusting TeX boxes (trim, clip, ...)

(C:\Users\Usuario\AppData\Local\Programs\MiKTeX\tex/latex/xkeyval\xkeyval.sty
Package: xkeyval 2022/06/16 v2.9 package option processing (HA)

(C:\Users\Usuario\AppData\Local\Programs\MiKTeX\tex/generic/xkeyval\xkeyval.tex

(C:\Users\Usuario\AppData\Local\Programs\MiKTeX\tex/generic/xkeyval\xkvutils.te
x
\XKV@toks=\toks28
\XKV@tempa@toks=\toks29
)
\XKV@depth=\count301
File: xkeyval.tex 2014/12/03 v2.7a key=value parser (HA)
))
(C:\Users\Usuario\AppData\Local\Programs\MiKTeX\tex/latex/adjustbox\adjcalc.sty
Package: adjcalc 2012/05/16 v1.1 Provides advanced setlength with multiple back
-ends (calc, etex, pgfmath)
)
(C:\Users\Usuario\AppData\Local\Programs\MiKTeX\tex/latex/adjustbox\trimclip.st
y
Package: trimclip 2020/08/19 v1.2 Trim and clip general TeX material

(C:\Users\Usuario\AppData\Local\Programs\MiKTeX\tex/latex/graphics\graphicx.sty
Package: graphicx 2021/09/16 v1.2d Enhanced LaTeX Graphics (DPC,SPQR)

(C:\Users\Usuario\AppData\Local\Programs\MiKTeX\tex/latex/graphics\graphics.sty
Package: graphics 2024/05/23 v1.4g Standard LaTeX Graphics (DPC,SPQR)
(C:\Users\Usuario\AppData\Local\Programs\MiKTeX\tex/latex/graphics\trig.sty
Package: trig 2023/12/02 v1.11 sin cos tan (DPC)
)
(C:\Users\Usuario\AppData\Local\Programs\MiKTeX\tex/latex/graphics-cfg\graphics
.cfg
File: graphics.cfg 2016/06/04 v1.11 sample graphics configuration
)
Package graphics Info: Driver file: pdftex.def on input line 106.
)
\Gin@req@height=\dimen173
\Gin@req@width=\dimen174
)
(C:\Users\Usuario\AppData\Local\Programs\MiKTeX\tex/latex/collectbox\collectbox
.sty
Package: collectbox 2022/10/17 v0.4c Collect macro arguments as boxes
\collectedbox=\box110
)
\tc@llx=\dimen175
\tc@lly=\dimen176
\tc@urx=\dimen177
\tc@ury=\dimen178
Package trimclip Info: Using driver 'tc-pdftex.def'.

(C:\Users\Usuario\AppData\Local\Programs\MiKTeX\tex/latex/adjustbox\tc-pdftex.d
ef
File: tc-pdftex.def 2019/01/04 v2.2 Clipping driver for pdftex
))
\adjbox@Width=\dimen179
\adjbox@Height=\dimen180
\adjbox@Depth=\dimen181
\adjbox@Totalheight=\dimen182
\adjbox@pwidth=\dimen183
\adjbox@pheight=\dimen184
\adjbox@pdepth=\dimen185
\adjbox@ptotalheight=\dimen186

(C:\Users\Usuario\AppData\Local\Programs\MiKTeX\tex/latex/ifoddpage\ifoddpage.s
ty
Package: ifoddpage 2022/10/18 v1.2 Conditionals for odd/even page detection
\c@checkoddpage=\count302
))
(C:\Users\Usuario\AppData\Local\Programs\MiKTeX\tex/latex/amsfonts\amssymb.sty
Package: amssymb 2013/01/14 v3.01 AMS font symbols

(C:\Users\Usuario\AppData\Local\Programs\MiKTeX\tex/latex/amsfonts\amsfonts.sty
Package: amsfonts 2013/01/14 v3.01 Basic AMSFonts support
\@emptytoks=\toks30
\symAMSa=\mathgroup4
\symAMSb=\mathgroup5
LaTeX Font Info:    Redeclaring math symbol \hbar on input line 98.
LaTeX Font Info:    Overwriting math alphabet `\mathfrak' in version `bold'
(Font)                  U/euf/m/n --> U/euf/b/n on input line 106.
))
(C:\Users\Usuario\AppData\Local\Programs\MiKTeX\tex/latex/stackengine\stackengi
ne.sty
Package: stackengine 2021/07/22 v4.11\ Stacking text and objects in convenient 
ways

(C:\Users\Usuario\AppData\Local\Programs\MiKTeX\tex/latex/etoolbox\etoolbox.sty
Package: etoolbox 2020/10/05 v2.5k e-TeX tools for LaTeX (JAW)
\etb@tempcnta=\count303
)
(C:\Users\Usuario\AppData\Local\Programs\MiKTeX\tex/latex/listofitems\listofite
ms.sty
(C:\Users\Usuario\AppData\Local\Programs\MiKTeX\tex/generic/listofitems\listofi
tems.tex
\loi_cnt_foreach_nest=\count304
\loi_nestcnt=\count305
)
Package: listofitems 2024/03/09 v1.65 Grab items in lists using user-specified 
sep char (CT)
)
\c@@stackindex=\count306
\@boxshift=\skip74
\stack@tmplength=\skip75
\temp@stkl=\skip76
\@stackedboxwidth=\skip77
\@addedbox=\box111
\@anchorbox=\box112
\@insetbox=\box113
\se@backgroundbox=\box114
\stackedbox=\box115
\@centerbox=\box116
\c@ROWcellindex@=\count307
)
(C:\Users\Usuario\AppData\Local\Programs\MiKTeX\tex/latex/enumitem\enumitem.sty
Package: enumitem 2019/06/20 v3.9 Customized lists
\labelindent=\skip78
\enit@outerparindent=\dimen187
\enit@toks=\toks31
\enit@inbox=\box117
\enit@count@id=\count308
\enitdp@description=\count309
)
(C:\Users\Usuario\AppData\Local\Programs\MiKTeX\tex/generic/alphalph\alphalph.s
ty
Package: alphalph 2019/12/09 v2.6 Convert numbers to letters (HO)

(C:\Users\Usuario\AppData\Local\Programs\MiKTeX\tex/generic/intcalc\intcalc.sty
Package: intcalc 2019/12/15 v1.3 Expandable calculations with integers (HO)
)) (C:\Users\Usuario\AppData\Local\Programs\MiKTeX\tex/latex/ulem\ulem.sty
\UL@box=\box118
\UL@hyphenbox=\box119
\UL@skip=\skip79
\UL@hook=\toks32
\UL@height=\dimen188
\UL@pe=\count310
\UL@pixel=\dimen189
\ULC@box=\box120
Package: ulem 2019/11/18
\ULdepth=\dimen190
)
\xrefbox=\box121
\xreflength=\skip80
\CodeWidthChar=\skip81
\CodeHeightChar=\skip82
\DoxyCodeWidth=\skip83
\c@DoxyEnumeratei=\count311
\c@DoxyEnumerateii=\count312
\c@DoxyEnumerateiii=\count313
\c@DoxyEnumerateiv=\count314
\c@DoxyEnumeratev=\count315
\c@DoxyEnumeratevi=\count316
\c@DoxyEnumeratevii=\count317
\c@DoxyEnumerateviii=\count318
\c@DoxyEnumerateix=\count319
\c@DoxyEnumeratex=\count320
\c@DoxyEnumeratexi=\count321
\c@DoxyEnumeratexii=\count322
\enitdp@DoxyEnumerate=\count323
\enitdp@DoxyItemize=\count324
\c@subsubsubsection=\count325
\c@subsubsubsubsection=\count326
\c@subsubsubsubsubsection=\count327
\c@subsubsubsubsubsubsection=\count328
)
(C:\Users\Usuario\AppData\Local\Programs\MiKTeX\tex/latex/base\inputenc.sty
Package: inputenc 2024/02/08 v1.3d Input encoding file
\inpenc@prehook=\toks33
\inpenc@posthook=\toks34
)
(C:\Users\Usuario\AppData\Local\Programs\MiKTeX\tex/latex/base\makeidx.sty
Package: makeidx 2021/10/04 v1.0m Standard LaTeX package
)
(C:\Users\Usuario\AppData\Local\Programs\MiKTeX\tex/latex/base\textcomp.sty
Package: textcomp 2024/04/24 v2.1b Standard LaTeX package
)
(C:\Users\Usuario\AppData\Local\Programs\MiKTeX\tex/latex/wasysym\wasysym.sty
Package: wasysym 2020/01/19 v2.4 Wasy-2 symbol support package
\symwasy=\mathgroup6
LaTeX Font Info:    Overwriting symbol font `wasy' in version `bold'
(Font)                  U/wasy/m/n --> U/wasy/b/n on input line 93.
)
(C:\Users\Usuario\AppData\Local\Programs\MiKTeX\tex/generic/iftex\ifxetex.sty
Package: ifxetex 2019/10/25 v0.7 ifxetex legacy package. Use iftex instead.
)
(C:\Users\Usuario\AppData\Local\Programs\MiKTeX\tex/latex/base\fontenc.sty
Package: fontenc 2021/04/29 v2.0v Standard LaTeX package
)
(C:\Users\Usuario\AppData\Local\Programs\MiKTeX\tex/latex/psnfss\helvet.sty
Package: helvet 2020/03/25 PSNFSS-v9.3 (WaS) 
)
(C:\Users\Usuario\AppData\Local\Programs\MiKTeX\tex/latex/psnfss\courier.sty
Package: courier 2020/03/25 PSNFSS-v9.3 (WaS) 
)
(C:\Users\Usuario\AppData\Local\Programs\MiKTeX\tex/latex/geometry\geometry.sty
Package: geometry 2020/01/02 v5.9 Page Geometry
(C:\Users\Usuario\AppData\Local\Programs\MiKTeX\tex/generic/iftex\ifvtex.sty
Package: ifvtex 2019/10/25 v1.7 ifvtex legacy package. Use iftex instead.
)
\Gm@cnth=\count329
\Gm@cntv=\count330
\c@Gm@tempcnt=\count331
\Gm@bindingoffset=\dimen191
\Gm@wd@mp=\dimen192
\Gm@odd@mp=\dimen193
\Gm@even@mp=\dimen194
\Gm@layoutwidth=\dimen195
\Gm@layoutheight=\dimen196
\Gm@layouthoffset=\dimen197
\Gm@layoutvoffset=\dimen198
\Gm@dimlist=\toks35

(C:\Users\Usuario\AppData\Local\Programs\MiKTeX\tex/latex/geometry\geometry.cfg
))
(C:\Users\Usuario\AppData\Local\Programs\MiKTeX\tex/latex/changepage\changepage
.sty
Package: changepage 2009/10/20 v1.0c check page and change page layout
\c@cp@cntr=\count332
\cp@tempcnt=\count333
LaTeX Info: Redefining \checkoddpage on input line 59.
)
(C:\Users\Usuario\AppData\Local\Programs\MiKTeX\tex/latex/fancyhdr\fancyhdr.sty
Package: fancyhdr 2024/07/23 v4.3.1 Extensive control of page headers and foote
rs
\f@nch@headwidth=\skip84
\f@nch@O@elh=\skip85
\f@nch@O@erh=\skip86
\f@nch@O@olh=\skip87
\f@nch@O@orh=\skip88
\f@nch@O@elf=\skip89
\f@nch@O@erf=\skip90
\f@nch@O@olf=\skip91
\f@nch@O@orf=\skip92
) (C:\Users\Usuario\AppData\Local\Programs\MiKTeX\tex/latex/natbib\natbib.sty
Package: natbib 2010/09/13 8.31b (PWD, AO)
\bibhang=\skip93
\bibsep=\skip94
LaTeX Info: Redefining \cite on input line 694.
\c@NAT@ctr=\count334
)
(C:\Users\Usuario\AppData\Local\Programs\MiKTeX\tex/latex/tocloft\tocloft.sty
Package: tocloft 2017/08/31 v2.3i parameterised ToC, etc., typesetting
Package tocloft Info: The document has chapter divisions on input line 51.
\cftparskip=\skip95
\cftbeforetoctitleskip=\skip96
\cftaftertoctitleskip=\skip97
\cftbeforepartskip=\skip98
\cftpartnumwidth=\skip99
\cftpartindent=\skip100
\cftbeforechapskip=\skip101
\cftchapindent=\skip102
\cftchapnumwidth=\skip103
\cftbeforesecskip=\skip104
\cftsecindent=\skip105
\cftsecnumwidth=\skip106
\cftbeforesubsecskip=\skip107
\cftsubsecindent=\skip108
\cftsubsecnumwidth=\skip109
\cftbeforesubsubsecskip=\skip110
\cftsubsubsecindent=\skip111
\cftsubsubsecnumwidth=\skip112
\cftbeforeparaskip=\skip113
\cftparaindent=\skip114
\cftparanumwidth=\skip115
\cftbeforesubparaskip=\skip116
\cftsubparaindent=\skip117
\cftsubparanumwidth=\skip118
\cftbeforeloftitleskip=\skip119
\cftafterloftitleskip=\skip120
\cftbeforefigskip=\skip121
\cftfigindent=\skip122
\cftfignumwidth=\skip123
\c@lofdepth=\count335
\c@lotdepth=\count336
\cftbeforelottitleskip=\skip124
\cftafterlottitleskip=\skip125
\cftbeforetabskip=\skip126
\cfttabindent=\skip127
\cfttabnumwidth=\skip128
)
\@indexfile=\write4
\openout4 = `refman.idx'.


Writing index file refman.idx

(C:\Users\Usuario\AppData\Local\Programs\MiKTeX\tex/latex/newunicodechar\newuni
codechar.sty
Package: newunicodechar 2018/04/08 v1.2 Defining Unicode characters
)
(C:\Users\Usuario\AppData\Local\Programs\MiKTeX\tex/latex/hyperref\hyperref.sty
Package: hyperref 2024-07-10 v7.01j Hypertext links for LaTeX

(C:\Users\Usuario\AppData\Local\Programs\MiKTeX\tex/latex/kvsetkeys\kvsetkeys.s
ty
Package: kvsetkeys 2022-10-05 v1.19 Key value parser (HO)
)
(C:\Users\Usuario\AppData\Local\Programs\MiKTeX\tex/generic/kvdefinekeys\kvdefi
nekeys.sty
Package: kvdefinekeys 2019-12-19 v1.6 Define keys (HO)
)
(C:\Users\Usuario\AppData\Local\Programs\MiKTeX\tex/generic/pdfescape\pdfescape
.sty
Package: pdfescape 2019/12/09 v1.15 Implements pdfTeX's escape features (HO)

(C:\Users\Usuario\AppData\Local\Programs\MiKTeX\tex/generic/ltxcmds\ltxcmds.sty
Package: ltxcmds 2023-12-04 v1.26 LaTeX kernel commands for general use (HO)
)
(C:\Users\Usuario\AppData\Local\Programs\MiKTeX\tex/generic/pdftexcmds\pdftexcm
ds.sty
Package: pdftexcmds 2020-06-27 v0.33 Utility functions of pdfTeX for LuaTeX (HO
)
Package pdftexcmds Info: \pdf@primitive is available.
Package pdftexcmds Info: \pdf@ifprimitive is available.
Package pdftexcmds Info: \pdfdraftmode found.
))
(C:\Users\Usuario\AppData\Local\Programs\MiKTeX\tex/latex/hycolor\hycolor.sty
Package: hycolor 2020-01-27 v1.10 Color options for hyperref/bookmark (HO)
)
(C:\Users\Usuario\AppData\Local\Programs\MiKTeX\tex/latex/hyperref\nameref.sty
Package: nameref 2023-11-26 v2.56 Cross-referencing by name of section

(C:\Users\Usuario\AppData\Local\Programs\MiKTeX\tex/latex/refcount\refcount.sty
Package: refcount 2019/12/15 v3.6 Data extraction from label references (HO)
)
(C:\Users\Usuario\AppData\Local\Programs\MiKTeX\tex/generic/gettitlestring\gett
itlestring.sty
Package: gettitlestring 2019/12/15 v1.6 Cleanup title references (HO)

(C:\Users\Usuario\AppData\Local\Programs\MiKTeX\tex/latex/kvoptions\kvoptions.s
ty
Package: kvoptions 2022-06-15 v3.15 Key value format for package options (HO)
))
\c@section@level=\count337
)
(C:\Users\Usuario\AppData\Local\Programs\MiKTeX\tex/generic/stringenc\stringenc
.sty
Package: stringenc 2019/11/29 v1.12 Convert strings between diff. encodings (HO
)
)
\@linkdim=\dimen199
\Hy@linkcounter=\count338
\Hy@pagecounter=\count339

(C:\Users\Usuario\AppData\Local\Programs\MiKTeX\tex/latex/hyperref\pd1enc.def
File: pd1enc.def 2024-07-10 v7.01j Hyperref: PDFDocEncoding definition (HO)
Now handling font encoding PD1 ...
... no UTF-8 mapping file for font encoding PD1
)
\Hy@SavedSpaceFactor=\count340

(C:\Users\Usuario\AppData\Local\Programs\MiKTeX\tex/latex/hyperref\puenc.def
File: puenc.def 2024-07-10 v7.01j Hyperref: PDF Unicode definition (HO)
Now handling font encoding PU ...
... no UTF-8 mapping file for font encoding PU
)
Package hyperref Info: Hyper figures OFF on input line 4157.
Package hyperref Info: Link nesting OFF on input line 4162.
Package hyperref Info: Hyper index ON on input line 4165.
Package hyperref Info: Plain pages OFF on input line 4172.
Package hyperref Info: Backreferencing ON on input line 4175.
Package hyperref Info: Implicit mode ON; LaTeX internals redefined.
Package hyperref Info: Bookmarks ON on input line 4424.

(C:\Users\Usuario\AppData\Local\Programs\MiKTeX\tex/latex/hyperref\backref.sty
Package: backref 2023-11-26 v1.44 Bibliographical back referencing

(C:\Users\Usuario\AppData\Local\Programs\MiKTeX\tex/latex/rerunfilecheck\rerunf
ilecheck.sty
Package: rerunfilecheck 2022-07-10 v1.10 Rerun checks for auxiliary files (HO)

(C:\Users\Usuario\AppData\Local\Programs\MiKTeX\tex/latex/base\atveryend-ltx.st
y
Package: atveryend-ltx 2020/08/19 v1.0a Emulation of the original atveryend pac
kage
with kernel methods
)
(C:\Users\Usuario\AppData\Local\Programs\MiKTeX\tex/generic/uniquecounter\uniqu
ecounter.sty
Package: uniquecounter 2019/12/15 v1.4 Provide unlimited unique counter (HO)

(C:\Users\Usuario\AppData\Local\Programs\MiKTeX\tex/generic/bigintcalc\bigintca
lc.sty
Package: bigintcalc 2019/12/15 v1.5 Expandable calculations on big integers (HO
)
))
Package uniquecounter Info: New unique counter `rerunfilecheck' on input line 2
85.
))
\c@Hy@tempcnt=\count341

(C:\Users\Usuario\AppData\Local\Programs\MiKTeX\tex/latex/url\url.sty
\Urlmuskip=\muskip17
Package: url 2013/09/16  ver 3.4  Verb mode for urls, etc.
)
LaTeX Info: Redefining \url on input line 4763.
\XeTeXLinkMargin=\dimen256

(C:\Users\Usuario\AppData\Local\Programs\MiKTeX\tex/generic/bitset\bitset.sty
Package: bitset 2019/12/09 v1.3 Handle bit-vector datatype (HO)
)
\Fld@menulength=\count342
\Field@Width=\dimen257
\Fld@charsize=\dimen258
Package hyperref Info: Hyper figures OFF on input line 6042.
Package hyperref Info: Link nesting OFF on input line 6047.
Package hyperref Info: Hyper index ON on input line 6050.
Package hyperref Info: backreferencing ON on input line 6055.
Package hyperref Info: Link coloring OFF on input line 6062.
Package hyperref Info: Link coloring with OCG OFF on input line 6067.
Package hyperref Info: PDF/A mode OFF on input line 6072.

(C:\Users\Usuario\AppData\Local\Programs\MiKTeX\tex/latex/base\atbegshi-ltx.sty
Package: atbegshi-ltx 2021/01/10 v1.0c Emulation of the original atbegshi
package with kernel methods
)
\Hy@abspage=\count343
\c@Item=\count344
\c@Hfootnote=\count345
)
Package hyperref Info: Driver: hpdftex.

(C:\Users\Usuario\AppData\Local\Programs\MiKTeX\tex/latex/hyperref\hpdftex.def
File: hpdftex.def 2024-07-10 v7.01j Hyperref driver for pdfTeX
\Fld@listcount=\count346
\c@bookmark@seq@number=\count347
\Hy@SectionHShift=\skip129
)
Package hyperref Info: Option `colorlinks' set `true' on input line 187.
Package hyperref Info: Option `unicode' set `true' on input line 187.
(C:\Users\Usuario\AppData\Local\Programs\MiKTeX\tex/latex/caption\caption.sty
Package: caption 2023/08/05 v3.6o Customizing captions (AR)

(C:\Users\Usuario\AppData\Local\Programs\MiKTeX\tex/latex/caption\caption3.sty
Package: caption3 2023/07/31 v2.4d caption3 kernel (AR)
\caption@tempdima=\dimen259
\captionmargin=\dimen260
\caption@leftmargin=\dimen261
\caption@rightmargin=\dimen262
\caption@width=\dimen263
\caption@indent=\dimen264
\caption@parindent=\dimen265
\caption@hangindent=\dimen266
Package caption Info: Standard document class detected.
)
\c@caption@flags=\count348
\c@continuedfloat=\count349
Package caption Info: changepage package is loaded.
\caption@adjustwidth@hsize=\dimen267
\caption@adjustwidth@linewidth=\dimen268
Package caption Info: float package is loaded.
Package caption Info: hyperref package is loaded.
Package caption Info: longtable package is loaded.

(C:\Users\Usuario\AppData\Local\Programs\MiKTeX\tex/latex/caption\ltcaption.sty
Package: ltcaption 2021/01/08 v1.4c longtable captions (AR)
)) (C:\Users\Usuario\AppData\Local\Programs\MiKTeX\tex/latex/etoc\etoc.sty
Package: etoc 2023/10/29 v1.2d Completely customisable TOCs (JFB)
\Etoc@toctoks=\toks36
\c@etoc@tocid=\count350
\etoc@framed@titlebox=\box122
\etoc@framed@contentsbox=\box123
)
LaTeX Font Info:    Trying to load font information for T1+phv on input line 20
9.

(C:\Users\Usuario\AppData\Local\Programs\MiKTeX\tex/latex/psnfss\t1phv.fd
File: t1phv.fd 2020/03/25 scalable font definitions for T1/phv.
)
LaTeX Font Info:    Font shape `T1/phv/m/n' will be
(Font)              scaled to size 8.99994pt on input line 209.

(C:\Users\Usuario\AppData\Local\Programs\MiKTeX\tex/latex/l3backend\l3backend-p
dftex.def
File: l3backend-pdftex.def 2024-05-08 L3 backend support: PDF output (pdfTeX)
\l__color_backend_stack_int=\count351
\l__pdf_internal_box=\box124
) (refman.aux)
\openout1 = `refman.aux'.

LaTeX Font Info:    Checking defaults for OML/cmm/m/it on input line 209.
LaTeX Font Info:    ... okay on input line 209.
LaTeX Font Info:    Checking defaults for OMS/cmsy/m/n on input line 209.
LaTeX Font Info:    ... okay on input line 209.
LaTeX Font Info:    Checking defaults for OT1/cmr/m/n on input line 209.
LaTeX Font Info:    ... okay on input line 209.
LaTeX Font Info:    Checking defaults for T1/cmr/m/n on input line 209.
LaTeX Font Info:    ... okay on input line 209.
LaTeX Font Info:    Checking defaults for TS1/cmr/m/n on input line 209.
LaTeX Font Info:    ... okay on input line 209.
LaTeX Font Info:    Checking defaults for OMX/cmex/m/n on input line 209.
LaTeX Font Info:    ... okay on input line 209.
LaTeX Font Info:    Checking defaults for U/cmr/m/n on input line 209.
LaTeX Font Info:    ... okay on input line 209.
LaTeX Font Info:    Checking defaults for PD1/pdf/m/n on input line 209.
LaTeX Font Info:    ... okay on input line 209.
LaTeX Font Info:    Checking defaults for PU/pdf/m/n on input line 209.
LaTeX Font Info:    ... okay on input line 209.

(C:\Users\Usuario\AppData\Local\Programs\MiKTeX\tex/context/base/mkii\supp-pdf.
mkii
[Loading MPS to PDF converter (version 2006.09.02).]
\scratchcounter=\count352
\scratchdimen=\dimen269
\scratchbox=\box125
\nofMPsegments=\count353
\nofMParguments=\count354
\everyMPshowfont=\toks37
\MPscratchCnt=\count355
\MPscratchDim=\dimen270
\MPnumerator=\count356
\makeMPintoPDFobject=\count357
\everyMPtoPDFconversion=\toks38
)
(C:\Users\Usuario\AppData\Local\Programs\MiKTeX\tex/latex/epstopdf-pkg\epstopdf
-base.sty
Package: epstopdf-base 2020-01-24 v2.11 Base part for package epstopdf
Package epstopdf-base Info: Redefining graphics rule for `.eps' on input line 4
85.

(C:\Users\Usuario\AppData\Local\Programs\MiKTeX\tex/latex/00miktex\epstopdf-sys
.cfg
File: epstopdf-sys.cfg 2021/03/18 v2.0 Configuration of epstopdf for MiKTeX
))
*geometry* driver: auto-detecting
*geometry* detected driver: pdftex
*geometry* verbose mode - [ preamble ] result:
* driver: pdftex
* paper: a4paper
* layout: <same size as paper>
* layoutoffset:(h,v)=(0.0pt,0.0pt)
* modes: twoside 
* h-part:(L,W,R)=(71.13188pt, 455.24411pt, 71.13188pt)
* v-part:(T,H,B)=(71.13188pt, 702.78308pt, 71.13188pt)
* \paperwidth=597.50787pt
* \paperheight=845.04684pt
* \textwidth=455.24411pt
* \textheight=702.78308pt
* \oddsidemargin=-1.1381pt
* \evensidemargin=-1.1381pt
* \topmargin=-31.2056pt
* \headheight=12.0pt
* \headsep=18.06749pt
* \topskip=10.0pt
* \footskip=25.29494pt
* \marginparwidth=125.0pt
* \marginparsep=7.0pt
* \columnsep=10.0pt
* \skip\footins=9.0pt plus 4.0pt minus 2.0pt
* \hoffset=0.0pt
* \voffset=0.0pt
* \mag=1000
* \@twocolumnfalse
* \@twosidetrue
* \@mparswitchtrue
* \@reversemarginfalse
* (1in=72.27pt=25.4mm, 1cm=28.453pt)

Package backref Info: ** backref set up for natbib ** on input line 209.
Package hyperref Info: Link coloring ON on input line 209.
(refman.out) (refman.out)
\@outlinefile=\write5
\openout5 = `refman.out'.

Package caption Info: Begin \AtBeginDocument code.
Package caption Info: End \AtBeginDocument code.
\Etoc@tf=\read4
Package hyperref Info: Option `pageanchor' set `false' on input line 217.
Package hyperref Info: Option `bookmarksnumbered' set `true' on input line 217.

Package hyperref Info: Option `unicode' set `true' on input line 217.
LaTeX Font Info:    Font shape `T1/phv/m/n' will be
(Font)              scaled to size 12.9599pt on input line 222.
LaTeX Font Info:    Font shape `T1/phv/m/n' will be
(Font)              scaled to size 6.29996pt on input line 222.
LaTeX Font Info:    Trying to load font information for U+msa on input line 222
.

(C:\Users\Usuario\AppData\Local\Programs\MiKTeX\tex/latex/amsfonts\umsa.fd
File: umsa.fd 2013/01/14 v3.01 AMS symbols A
)
LaTeX Font Info:    Trying to load font information for U+msb on input line 222
.

(C:\Users\Usuario\AppData\Local\Programs\MiKTeX\tex/latex/amsfonts\umsb.fd
File: umsb.fd 2013/01/14 v3.01 AMS symbols B
)
LaTeX Font Info:    Trying to load font information for U+wasy on input line 22
2.

(C:\Users\Usuario\AppData\Local\Programs\MiKTeX\tex/latex/wasysym\uwasy.fd
File: uwasy.fd 2020/01/19 v2.4 Wasy-2 symbol font definitions
)
LaTeX Font Info:    Font shape `T1/phv/m/n' will be
(Font)              scaled to size 10.79993pt on input line 224.


[1


{C:/Users/Usuario/AppData/Local/MiKTeX/fonts/map/pdftex/pdftex.map}{C:/Users/Us
uario/AppData/Local/Programs/MiKTeX/fonts/enc/dvips/base/8r.enc}]

[2

]
\tf@toc=\write6
\openout6 = `refman.toc'.

Package hyperref Info: Option `pageanchor' set `true' on input line 233.

Chapter 1.
LaTeX Font Info:    Font shape `T1/phv/m/n' will be
(Font)              scaled to size 18.66588pt on input line 235.
LaTeX Font Info:    Font shape `T1/phv/b/n' will be
(Font)              scaled to size 18.66588pt on input line 235.
LaTeX Font Info:    Font shape `T1/phv/b/n' will be
(Font)              scaled to size 22.39185pt on input line 235.
(namespaces.tex
LaTeX Font Info:    Font shape `T1/phv/b/n' will be
(Font)              scaled to size 12.9599pt on input line 1.
)

LaTeX Font Info:    Font shape `T1/phv/b/n' will be
(Font)              scaled to size 8.99994pt on input line 237.
LaTeX Font Info:    Font shape `T1/phv/b/n' will be
(Font)              scaled to size 6.29996pt on input line 237.
[1


]

[2

]
Chapter 2.
(hierarchy.tex

LaTeX Warning: Reference `classes_1_1ull_1_1esit_1_1utilities_1_1_bellman_ford'
 on page 3 undefined on input line 3.


LaTeX Warning: Reference `classes_1_1ull_1_1esit_1_1utilities_1_1_exposito_util
ities' on page 3 undefined on input line 4.


LaTeX Warning: Reference `classes_1_1ull_1_1esit_1_1utilities_1_1_power_set' on
 page 3 undefined on input line 6.


LaTeX Warning: Reference `classtop_1_1main_t_o_p_t_w' on page 3 undefined on in
put line 8.


LaTeX Warning: Reference `classes_1_1ull_1_1esit_1_1utils_1_1_pair' on page 3 u
ndefined on input line 9.


LaTeX Warning: Reference `classtop_1_1_t_o_p_t_w' on page 3 undefined on input 
line 10.


LaTeX Warning: Reference `classtop_1_1_t_o_p_t_w_evaluator' on page 3 undefined
 on input line 11.


LaTeX Warning: Reference `classtop_1_1_t_o_p_t_w_g_r_a_s_p' on page 3 undefined
 on input line 12.


LaTeX Warning: Reference `classtop_1_1_t_o_p_t_w_reader' on page 3 undefined on
 input line 13.


LaTeX Warning: Reference `classtop_1_1_t_o_p_t_w_route' on page 3 undefined on 
input line 14.


LaTeX Warning: Reference `classtop_1_1_t_o_p_t_w_solution' on page 3 undefined 
on input line 15.


LaTeX Warning: Reference `classes_1_1ull_1_1esit_1_1utilities_1_1_power_set' on
 page 3 undefined on input line 17.

)

[3]

[4

]
Chapter 3.
(annotated.tex

LaTeX Warning: Reference `classes_1_1ull_1_1esit_1_1utilities_1_1_bellman_ford'
 on page 5 undefined on input line 3.


LaTeX Warning: Reference `classes_1_1ull_1_1esit_1_1utilities_1_1_exposito_util
ities' on page 5 undefined on input line 4.


LaTeX Warning: Reference `classtop_1_1main_t_o_p_t_w' on page 5 undefined on in
put line 5.


LaTeX Warning: Reference `classes_1_1ull_1_1esit_1_1utils_1_1_pair' on page 5 u
ndefined on input line 6.


LaTeX Warning: Reference `classes_1_1ull_1_1esit_1_1utilities_1_1_power_set' on
 page 5 undefined on input line 7.


LaTeX Warning: Reference `classtop_1_1_t_o_p_t_w' on page 5 undefined on input 
line 8.


LaTeX Warning: Reference `classtop_1_1_t_o_p_t_w_evaluator' on page 5 undefined
 on input line 9.


LaTeX Warning: Reference `classtop_1_1_t_o_p_t_w_g_r_a_s_p' on page 5 undefined
 on input line 10.


LaTeX Warning: Reference `classtop_1_1_t_o_p_t_w_reader' on page 5 undefined on
 input line 11.


LaTeX Warning: Reference `classtop_1_1_t_o_p_t_w_route' on page 5 undefined on 
input line 12.


LaTeX Warning: Reference `classtop_1_1_t_o_p_t_w_solution' on page 5 undefined 
on input line 13.

)

[5]

[6

]
Chapter 4.
(files.tex

LaTeX Warning: Reference `_bellman_ford_8java' on page 7 undefined on input lin
e 3.


LaTeX Warning: Reference `_exposito_utilities_8java' on page 7 undefined on inp
ut line 4.


LaTeX Warning: Reference `_power_set_8java' on page 7 undefined on input line 5
.


LaTeX Warning: Reference `_pair_8java' on page 7 undefined on input line 6.


LaTeX Warning: Reference `main_t_o_p_t_w_8java' on page 7 undefined on input li
ne 7.


LaTeX Warning: Reference `_t_o_p_t_w_8java' on page 7 undefined on input line 8
.


LaTeX Warning: Reference `_t_o_p_t_w_evaluator_8java' on page 7 undefined on in
put line 9.


LaTeX Warning: Reference `_t_o_p_t_w_g_r_a_s_p_8java' on page 7 undefined on in
put line 10.


LaTeX Warning: Reference `_t_o_p_t_w_reader_8java' on page 7 undefined on input
 line 11.


LaTeX Warning: Reference `_t_o_p_t_w_route_8java' on page 7 undefined on input 
line 12.


LaTeX Warning: Reference `_t_o_p_t_w_solution_8java' on page 7 undefined on inp
ut line 13.

)

[7]

[8

]
Chapter 5.
(namespacees_1_1ull_1_1esit_1_1utilities.tex
LaTeX Font Info:    Trying to load font information for TS1+phv on input line 6
.

(C:\Users\Usuario\AppData\Local\Programs\MiKTeX\tex/latex/psnfss\ts1phv.fd
File: ts1phv.fd 2020/03/25 scalable font definitions for TS1/phv.
)
LaTeX Font Info:    Font shape `TS1/phv/m/n' will be
(Font)              scaled to size 8.99994pt on input line 6.
)
(namespacees_1_1ull_1_1esit_1_1utils.tex) (namespacetop.tex)

[9]

[10

]
Chapter 6.
(classes_1_1ull_1_1esit_1_1utilities_1_1_bellman_ford.tex
LaTeX Font Info:    Font shape `T1/phv/b/n' will be
(Font)              scaled to size 10.79993pt on input line 16.
LaTeX Font Info:    Font shape `T1/phv/m/n' will be
(Font)              scaled to size 7.19995pt on input line 20.
LaTeX Font Info:    Trying to load font information for T1+pcr on input line 20
.

(C:\Users\Usuario\AppData\Local\Programs\MiKTeX\tex/latex/psnfss\t1pcr.fd
File: t1pcr.fd 2001/06/04 font definitions for T1/pcr.
)
LaTeX Font Info:    Font shape `T1/pcr/m/it' in size <8> not available
(Font)              Font shape `T1/pcr/m/sl' tried instead on input line 21.
LaTeX Font Info:    Font shape `T1/pcr/m/it' in size <7> not available
(Font)              Font shape `T1/pcr/m/sl' tried instead on input line 21.


Package longtable Warning: Column widths have changed
(longtable)                in table 6.1 on input line 31.


Underfull \hbox (badness 10000) detected at line 41
[][][]
 []



[11]
Underfull \hbox (badness 10000) detected at line 50
[][][]
 []

) (classes_1_1ull_1_1esit_1_1utilities_1_1_exposito_utilities.tex
LaTeX Font Info:    Font shape `T1/phv/b/n' will be
(Font)              scaled to size 7.19995pt on input line 60.


[12] <./classes_1_1ull_1_1esit_1_1utilities_1_1_exposito_utilities_aead770697be
0d448bd91cd8427a90216_cgraph.pdf>
<classes_1_1ull_1_1esit_1_1utilities_1_1_exposito_utilities_aead770697be0d448bd
91cd8427a90216_cgraph.pdf, id=252, 553.06625pt x 162.6075pt>
File: classes_1_1ull_1_1esit_1_1utilities_1_1_exposito_utilities_aead770697be0d
448bd91cd8427a90216_cgraph.pdf Graphic file (type pdf)
<use classes_1_1ull_1_1esit_1_1utilities_1_1_exposito_utilities_aead770697be0d4
48bd91cd8427a90216_cgraph.pdf>
Package pdftex.def Info: classes_1_1ull_1_1esit_1_1utilities_1_1_exposito_utili
ties_aead770697be0d448bd91cd8427a90216_cgraph.pdf  used on input line 75.
(pdftex.def)             Requested size: 350.0pt x 102.90228pt.
 <./classes_1_1ull_1_1esit_1_1utilities_1_1_exposito_utilities_a1dc633979b918d5
5db1eb7308f864d6c_cgraph.pdf>
<classes_1_1ull_1_1esit_1_1utilities_1_1_exposito_utilities_a1dc633979b918d55db
1eb7308f864d6c_cgraph.pdf, id=260, 383.4325pt x 162.6075pt>
File: classes_1_1ull_1_1esit_1_1utilities_1_1_exposito_utilities_a1dc633979b918
d55db1eb7308f864d6c_cgraph.pdf Graphic file (type pdf)
<use classes_1_1ull_1_1esit_1_1utilities_1_1_exposito_utilities_a1dc633979b918d
55db1eb7308f864d6c_cgraph.pdf>
Package pdftex.def Info: classes_1_1ull_1_1esit_1_1utilities_1_1_exposito_utili
ties_a1dc633979b918d55db1eb7308f864d6c_cgraph.pdf  used on input line 101.
(pdftex.def)             Requested size: 350.0pt x 148.43703pt.
 <./classes_1_1ull_1_1esit_1_1utilities_1_1_exposito_utilities_a1dc633979b918d5
5db1eb7308f864d6c_icgraph.pdf>
<classes_1_1ull_1_1esit_1_1utilities_1_1_exposito_utilities_a1dc633979b918d55db
1eb7308f864d6c_icgraph.pdf, id=268, 713.66624pt x 501.875pt>
File: classes_1_1ull_1_1esit_1_1utilities_1_1_exposito_utilities_a1dc633979b918
d55db1eb7308f864d6c_icgraph.pdf Graphic file (type pdf)
<use classes_1_1ull_1_1esit_1_1utilities_1_1_exposito_utilities_a1dc633979b918d
55db1eb7308f864d6c_icgraph.pdf>
Package pdftex.def Info: classes_1_1ull_1_1esit_1_1utilities_1_1_exposito_utili
ties_a1dc633979b918d55db1eb7308f864d6c_icgraph.pdf  used on input line 109.
(pdftex.def)             Requested size: 350.0pt x 246.12766pt.


[13] <./classes_1_1ull_1_1esit_1_1utilities_1_1_exposito_utilities_a4c018a651b6
159a3e2561b49455a134b_cgraph.pdf>
<classes_1_1ull_1_1esit_1_1utilities_1_1_exposito_utilities_a4c018a651b6159a3e2
561b49455a134b_cgraph.pdf, id=289, 553.06625pt x 162.6075pt>
File: classes_1_1ull_1_1esit_1_1utilities_1_1_exposito_utilities_a4c018a651b615
9a3e2561b49455a134b_cgraph.pdf Graphic file (type pdf)
<use classes_1_1ull_1_1esit_1_1utilities_1_1_exposito_utilities_a4c018a651b6159
a3e2561b49455a134b_cgraph.pdf>
Package pdftex.def Info: classes_1_1ull_1_1esit_1_1utilities_1_1_exposito_utili
ties_a4c018a651b6159a3e2561b49455a134b_cgraph.pdf  used on input line 123.
(pdftex.def)             Requested size: 350.0pt x 102.90228pt.


[14] <./classes_1_1ull_1_1esit_1_1utilities_1_1_exposito_utilities_af00a27e34df
90c5cc645e1a669063b5c_cgraph.pdf>
<classes_1_1ull_1_1esit_1_1utilities_1_1_exposito_utilities_af00a27e34df90c5cc6
45e1a669063b5c_cgraph.pdf, id=305, 553.06625pt x 162.6075pt>
File: classes_1_1ull_1_1esit_1_1utilities_1_1_exposito_utilities_af00a27e34df90
c5cc645e1a669063b5c_cgraph.pdf Graphic file (type pdf)
<use classes_1_1ull_1_1esit_1_1utilities_1_1_exposito_utilities_af00a27e34df90c
5cc645e1a669063b5c_cgraph.pdf>
Package pdftex.def Info: classes_1_1ull_1_1esit_1_1utilities_1_1_exposito_utili
ties_af00a27e34df90c5cc645e1a669063b5c_cgraph.pdf  used on input line 143.
(pdftex.def)             Requested size: 350.0pt x 102.90228pt.
 <./classes_1_1ull_1_1esit_1_1utilities_1_1_exposito_utilities_a1d9fa26973acad2
59f8b3b605aa8713c_cgraph.pdf>
<classes_1_1ull_1_1esit_1_1utilities_1_1_exposito_utilities_a1d9fa26973acad259f
8b3b605aa8713c_cgraph.pdf, id=313, 553.06625pt x 162.6075pt>
File: classes_1_1ull_1_1esit_1_1utilities_1_1_exposito_utilities_a1d9fa26973aca
d259f8b3b605aa8713c_cgraph.pdf Graphic file (type pdf)
<use classes_1_1ull_1_1esit_1_1utilities_1_1_exposito_utilities_a1d9fa26973acad
259f8b3b605aa8713c_cgraph.pdf>
Package pdftex.def Info: classes_1_1ull_1_1esit_1_1utilities_1_1_exposito_utili
ties_a1d9fa26973acad259f8b3b605aa8713c_cgraph.pdf  used on input line 157.
(pdftex.def)             Requested size: 350.0pt x 102.90228pt.


[15] <./classes_1_1ull_1_1esit_1_1utilities_1_1_exposito_utilities_ac0e30df3155
5f720f6f3cc93d8d2c066_cgraph.pdf>
<classes_1_1ull_1_1esit_1_1utilities_1_1_exposito_utilities_ac0e30df31555f720f6
f3cc93d8d2c066_cgraph.pdf, id=332, 553.06625pt x 162.6075pt>
File: classes_1_1ull_1_1esit_1_1utilities_1_1_exposito_utilities_ac0e30df31555f
720f6f3cc93d8d2c066_cgraph.pdf Graphic file (type pdf)
<use classes_1_1ull_1_1esit_1_1utilities_1_1_exposito_utilities_ac0e30df31555f7
20f6f3cc93d8d2c066_cgraph.pdf>
Package pdftex.def Info: classes_1_1ull_1_1esit_1_1utilities_1_1_exposito_utili
ties_ac0e30df31555f720f6f3cc93d8d2c066_cgraph.pdf  used on input line 171.
(pdftex.def)             Requested size: 350.0pt x 102.90228pt.
 <./classes_1_1ull_1_1esit_1_1utilities_1_1_exposito_utilities_a08684483087c8a7
fcb91e158588391dc_cgraph.pdf>
<classes_1_1ull_1_1esit_1_1utilities_1_1_exposito_utilities_a08684483087c8a7fcb
91e158588391dc_cgraph.pdf, id=340, 553.06625pt x 162.6075pt>
File: classes_1_1ull_1_1esit_1_1utilities_1_1_exposito_utilities_a08684483087c8
a7fcb91e158588391dc_cgraph.pdf Graphic file (type pdf)
<use classes_1_1ull_1_1esit_1_1utilities_1_1_exposito_utilities_a08684483087c8a
7fcb91e158588391dc_cgraph.pdf>
Package pdftex.def Info: classes_1_1ull_1_1esit_1_1utilities_1_1_exposito_utili
ties_a08684483087c8a7fcb91e158588391dc_cgraph.pdf  used on input line 185.
(pdftex.def)             Requested size: 350.0pt x 102.90228pt.
 <./classes_1_1ull_1_1esit_1_1utilities_1_1_exposito_utilities_a8804995e2e567d1
8859062fa9d29345b_cgraph.pdf>
<classes_1_1ull_1_1esit_1_1utilities_1_1_exposito_utilities_a8804995e2e567d1885
9062fa9d29345b_cgraph.pdf, id=348, 553.06625pt x 162.6075pt>
File: classes_1_1ull_1_1esit_1_1utilities_1_1_exposito_utilities_a8804995e2e567
d18859062fa9d29345b_cgraph.pdf Graphic file (type pdf)
<use classes_1_1ull_1_1esit_1_1utilities_1_1_exposito_utilities_a8804995e2e567d
18859062fa9d29345b_cgraph.pdf>
Package pdftex.def Info: classes_1_1ull_1_1esit_1_1utilities_1_1_exposito_utili
ties_a8804995e2e567d18859062fa9d29345b_cgraph.pdf  used on input line 199.
(pdftex.def)             Requested size: 350.0pt x 102.90228pt.


[16] <./classes_1_1ull_1_1esit_1_1utilities_1_1_exposito_utilities_a5048eaa0591
61a2cfa8e5c6bc9c04cfb_cgraph.pdf>
<classes_1_1ull_1_1esit_1_1utilities_1_1_exposito_utilities_a5048eaa059161a2cfa
8e5c6bc9c04cfb_cgraph.pdf, id=367, 383.4325pt x 112.42pt>
File: classes_1_1ull_1_1esit_1_1utilities_1_1_exposito_utilities_a5048eaa059161
a2cfa8e5c6bc9c04cfb_cgraph.pdf Graphic file (type pdf)
<use classes_1_1ull_1_1esit_1_1utilities_1_1_exposito_utilities_a5048eaa059161a
2cfa8e5c6bc9c04cfb_cgraph.pdf>
Package pdftex.def Info: classes_1_1ull_1_1esit_1_1utilities_1_1_exposito_utili
ties_a5048eaa059161a2cfa8e5c6bc9c04cfb_cgraph.pdf  used on input line 213.
(pdftex.def)             Requested size: 350.0pt x 102.62312pt.
 <./classes_1_1ull_1_1esit_1_1utilities_1_1_exposito_utilities_aea4db414c92e2fc
046f76ef43fcf1214_icgraph.pdf>
<classes_1_1ull_1_1esit_1_1utilities_1_1_exposito_utilities_aea4db414c92e2fc046
f76ef43fcf1214_icgraph.pdf, id=375, 883.3pt x 501.875pt>
File: classes_1_1ull_1_1esit_1_1utilities_1_1_exposito_utilities_aea4db414c92e2
fc046f76ef43fcf1214_icgraph.pdf Graphic file (type pdf)
<use classes_1_1ull_1_1esit_1_1utilities_1_1_exposito_utilities_aea4db414c92e2f
c046f76ef43fcf1214_icgraph.pdf>
Package pdftex.def Info: classes_1_1ull_1_1esit_1_1utilities_1_1_exposito_utili
ties_aea4db414c92e2fc046f76ef43fcf1214_icgraph.pdf  used on input line 227.
(pdftex.def)             Requested size: 350.0pt x 198.86256pt.
 <./classes_1_1ull_1_1esit_1_1utilities_1_1_exposito_utilities_a3aa6195e3bb8c53
93a84ab3ff7b3f18a_icgraph.pdf>
<classes_1_1ull_1_1esit_1_1utilities_1_1_exposito_utilities_a3aa6195e3bb8c5393a
84ab3ff7b3f18a_icgraph.pdf, id=383, 883.3pt x 501.875pt>
File: classes_1_1ull_1_1esit_1_1utilities_1_1_exposito_utilities_a3aa6195e3bb8c
5393a84ab3ff7b3f18a_icgraph.pdf Graphic file (type pdf)
<use classes_1_1ull_1_1esit_1_1utilities_1_1_exposito_utilities_a3aa6195e3bb8c5
393a84ab3ff7b3f18a_icgraph.pdf>
Package pdftex.def Info: classes_1_1ull_1_1esit_1_1utilities_1_1_exposito_utili
ties_a3aa6195e3bb8c5393a84ab3ff7b3f18a_icgraph.pdf  used on input line 241.
(pdftex.def)             Requested size: 350.0pt x 198.86256pt.


[17] <./classes_1_1ull_1_1esit_1_1utilities_1_1_exposito_utilities_a7ae7bdc68d2
eac0de896cbe56878fd64_icgraph.pdf>
<classes_1_1ull_1_1esit_1_1utilities_1_1_exposito_utilities_a7ae7bdc68d2eac0de8
96cbe56878fd64_icgraph.pdf, id=402, 558.085pt x 112.42pt>
File: classes_1_1ull_1_1esit_1_1utilities_1_1_exposito_utilities_a7ae7bdc68d2ea
c0de896cbe56878fd64_icgraph.pdf Graphic file (type pdf)
<use classes_1_1ull_1_1esit_1_1utilities_1_1_exposito_utilities_a7ae7bdc68d2eac
0de896cbe56878fd64_icgraph.pdf>
Package pdftex.def Info: classes_1_1ull_1_1esit_1_1utilities_1_1_exposito_utili
ties_a7ae7bdc68d2eac0de896cbe56878fd64_icgraph.pdf  used on input line 267.
(pdftex.def)             Requested size: 350.0pt x 70.5059pt.
 <./classes_1_1ull_1_1esit_1_1utilities_1_1_exposito_utilities_a219fe3e64266d6e
eb8bd2137e8c81c3b_icgraph.pdf>
<classes_1_1ull_1_1esit_1_1utilities_1_1_exposito_utilities_a219fe3e64266d6eeb8
bd2137e8c81c3b_icgraph.pdf, id=410, 383.4325pt x 112.42pt>
File: classes_1_1ull_1_1esit_1_1utilities_1_1_exposito_utilities_a219fe3e64266d
6eeb8bd2137e8c81c3b_icgraph.pdf Graphic file (type pdf)
<use classes_1_1ull_1_1esit_1_1utilities_1_1_exposito_utilities_a219fe3e64266d6
eeb8bd2137e8c81c3b_icgraph.pdf>
Package pdftex.def Info: classes_1_1ull_1_1esit_1_1utilities_1_1_exposito_utili
ties_a219fe3e64266d6eeb8bd2137e8c81c3b_icgraph.pdf  used on input line 281.
(pdftex.def)             Requested size: 350.0pt x 102.62312pt.


[18]) (classtop_1_1main_t_o_p_t_w.tex <./classtop_1_1main_t_o_p_t_w_a6b155cf80c
78f50335adf5a91762e0eb_cgraph.pdf>
<classtop_1_1main_t_o_p_t_w_a6b155cf80c78f50335adf5a91762e0eb_cgraph.pdf, id=43
0, 1407.2575pt x 1343.0175pt>
File: classtop_1_1main_t_o_p_t_w_a6b155cf80c78f50335adf5a91762e0eb_cgraph.pdf G
raphic file (type pdf)
<use classtop_1_1main_t_o_p_t_w_a6b155cf80c78f50335adf5a91762e0eb_cgraph.pdf>
Package pdftex.def Info: classtop_1_1main_t_o_p_t_w_a6b155cf80c78f50335adf5a917
62e0eb_cgraph.pdf  used on input line 22.
(pdftex.def)             Requested size: 350.0pt x 334.01167pt.


[19]) (classes_1_1ull_1_1esit_1_1utils_1_1_pair.tex

[20] <./classes_1_1ull_1_1esit_1_1utils_1_1_pair_ac305959135c4cf295566518f3c06f
4c0_icgraph.pdf>
<classes_1_1ull_1_1esit_1_1utils_1_1_pair_ac305959135c4cf295566518f3c06f4c0_icg
raph.pdf, id=481, 366.36874pt x 100.375pt>
File: classes_1_1ull_1_1esit_1_1utils_1_1_pair_ac305959135c4cf295566518f3c06f4c
0_icgraph.pdf Graphic file (type pdf)
<use classes_1_1ull_1_1esit_1_1utils_1_1_pair_ac305959135c4cf295566518f3c06f4c0
_icgraph.pdf>
Package pdftex.def Info: classes_1_1ull_1_1esit_1_1utils_1_1_pair_ac305959135c4
cf295566518f3c06f4c0_icgraph.pdf  used on input line 38.
(pdftex.def)             Requested size: 350.0pt x 95.89635pt.
 <./classes_1_1ull_1_1esit_1_1utils_1_1_pair_afce45be862690691fb040d1ad3d87b5a_
cgraph.pdf>
<classes_1_1ull_1_1esit_1_1utils_1_1_pair_afce45be862690691fb040d1ad3d87b5a_cgr
aph.pdf, id=491, 366.36874pt x 100.375pt>
File: classes_1_1ull_1_1esit_1_1utils_1_1_pair_afce45be862690691fb040d1ad3d87b5
a_cgraph.pdf Graphic file (type pdf)
<use classes_1_1ull_1_1esit_1_1utils_1_1_pair_afce45be862690691fb040d1ad3d87b5a
_cgraph.pdf>
Package pdftex.def Info: classes_1_1ull_1_1esit_1_1utils_1_1_pair_afce45be86269
0691fb040d1ad3d87b5a_cgraph.pdf  used on input line 55.
(pdftex.def)             Requested size: 350.0pt x 95.89635pt.
 <./classes_1_1ull_1_1esit_1_1utils_1_1_pair_adb64035681885ff17048d77a16207c35_
cgraph.pdf>
<classes_1_1ull_1_1esit_1_1utils_1_1_pair_adb64035681885ff17048d77a16207c35_cgr
aph.pdf, id=500, 211.79124pt x 118.4425pt>
File: classes_1_1ull_1_1esit_1_1utils_1_1_pair_adb64035681885ff17048d77a16207c3
5_cgraph.pdf Graphic file (type pdf)
<use classes_1_1ull_1_1esit_1_1utils_1_1_pair_adb64035681885ff17048d77a16207c35
_cgraph.pdf>
Package pdftex.def Info: classes_1_1ull_1_1esit_1_1utils_1_1_pair_adb6403568188
5ff17048d77a16207c35_cgraph.pdf  used on input line 69.
(pdftex.def)             Requested size: 211.0pt x 118.00482pt.


[21] <./classes_1_1ull_1_1esit_1_1utils_1_1_pair_adb64035681885ff17048d77a16207
c35_icgraph.pdf>
<classes_1_1ull_1_1esit_1_1utils_1_1_pair_adb64035681885ff17048d77a16207c35_icg
raph.pdf, id=522, 211.79124pt x 118.4425pt>
File: classes_1_1ull_1_1esit_1_1utils_1_1_pair_adb64035681885ff17048d77a16207c3
5_icgraph.pdf Graphic file (type pdf)
<use classes_1_1ull_1_1esit_1_1utils_1_1_pair_adb64035681885ff17048d77a16207c35
_icgraph.pdf>
Package pdftex.def Info: classes_1_1ull_1_1esit_1_1utils_1_1_pair_adb6403568188
5ff17048d77a16207c35_icgraph.pdf  used on input line 77.
(pdftex.def)             Requested size: 211.0pt x 118.00482pt.
) (classes_1_1ull_1_1esit_1_1utilities_1_1_power_set.tex <./classes_1_1ull_1_1e
sit_1_1utilities_1_1_power_set__inherit__graph.pdf>
<classes_1_1ull_1_1esit_1_1utilities_1_1_power_set__inherit__graph.pdf, id=534,
 309.155pt x 168.63pt>
File: classes_1_1ull_1_1esit_1_1utilities_1_1_power_set__inherit__graph.pdf Gra
phic file (type pdf)
<use classes_1_1ull_1_1esit_1_1utilities_1_1_power_set__inherit__graph.pdf>
Package pdftex.def Info: classes_1_1ull_1_1esit_1_1utilities_1_1_power_set__inh
erit__graph.pdf  used on input line 10.
(pdftex.def)             Requested size: 308.0pt x 168.0146pt.


[22] <./classes_1_1ull_1_1esit_1_1utilities_1_1_power_set__coll__graph.pdf>
<classes_1_1ull_1_1esit_1_1utilities_1_1_power_set__coll__graph.pdf, id=554, 30
9.155pt x 168.63pt>
File: classes_1_1ull_1_1esit_1_1utilities_1_1_power_set__coll__graph.pdf Graphi
c file (type pdf)
<use classes_1_1ull_1_1esit_1_1utilities_1_1_power_set__coll__graph.pdf>
Package pdftex.def Info: classes_1_1ull_1_1esit_1_1utilities_1_1_power_set__col
l__graph.pdf  used on input line 20.
(pdftex.def)             Requested size: 308.0pt x 168.0146pt.


[23]) (classtop_1_1_t_o_p_t_w.tex

[24] <./classtop_1_1_t_o_p_t_w_abc8ba9eecbd30ef1941a21418259045f_icgraph.pdf>
<classtop_1_1_t_o_p_t_w_abc8ba9eecbd30ef1941a21418259045f_icgraph.pdf, id=655, 
939.51pt x 112.42pt>
File: classtop_1_1_t_o_p_t_w_abc8ba9eecbd30ef1941a21418259045f_icgraph.pdf Grap
hic file (type pdf)
<use classtop_1_1_t_o_p_t_w_abc8ba9eecbd30ef1941a21418259045f_icgraph.pdf>
Package pdftex.def Info: classtop_1_1_t_o_p_t_w_abc8ba9eecbd30ef1941a2141825904
5f_icgraph.pdf  used on input line 99.
(pdftex.def)             Requested size: 350.0pt x 41.8795pt.
 <./classtop_1_1_t_o_p_t_w_ad541e0a7d1aafc2b061e024c066dd662_icgraph.pdf>
<classtop_1_1_t_o_p_t_w_ad541e0a7d1aafc2b061e024c066dd662_icgraph.pdf, id=663, 
573.14125pt x 112.42pt>
File: classtop_1_1_t_o_p_t_w_ad541e0a7d1aafc2b061e024c066dd662_icgraph.pdf Grap
hic file (type pdf)
<use classtop_1_1_t_o_p_t_w_ad541e0a7d1aafc2b061e024c066dd662_icgraph.pdf>
Package pdftex.def Info: classtop_1_1_t_o_p_t_w_ad541e0a7d1aafc2b061e024c066dd6
62_icgraph.pdf  used on input line 113.
(pdftex.def)             Requested size: 350.0pt x 68.65157pt.
 <./classtop_1_1_t_o_p_t_w_a8e1710d766a0093f967bd89068649be7_cgraph.pdf>
<classtop_1_1_t_o_p_t_w_a8e1710d766a0093f967bd89068649be7_cgraph.pdf, id=671, 3
64.36125pt x 118.4425pt>
File: classtop_1_1_t_o_p_t_w_a8e1710d766a0093f967bd89068649be7_cgraph.pdf Graph
ic file (type pdf)
<use classtop_1_1_t_o_p_t_w_a8e1710d766a0093f967bd89068649be7_cgraph.pdf>
Package pdftex.def Info: classtop_1_1_t_o_p_t_w_a8e1710d766a0093f967bd89068649b
e7_cgraph.pdf  used on input line 127.
(pdftex.def)             Requested size: 350.0pt x 113.77759pt.


[25] <./classtop_1_1_t_o_p_t_w_a2a0ad21770084fd267f05607d122a59a_cgraph.pdf>
<classtop_1_1_t_o_p_t_w_a2a0ad21770084fd267f05607d122a59a_cgraph.pdf, id=703, 3
64.36125pt x 118.4425pt>
File: classtop_1_1_t_o_p_t_w_a2a0ad21770084fd267f05607d122a59a_cgraph.pdf Graph
ic file (type pdf)
<use classtop_1_1_t_o_p_t_w_a2a0ad21770084fd267f05607d122a59a_cgraph.pdf>
Package pdftex.def Info: classtop_1_1_t_o_p_t_w_a2a0ad21770084fd267f05607d122a5
9a_cgraph.pdf  used on input line 141.
(pdftex.def)             Requested size: 350.0pt x 113.77759pt.
 <./classtop_1_1_t_o_p_t_w_aa48886efb5544475f15787bf2bee9242_cgraph.pdf>
<classtop_1_1_t_o_p_t_w_aa48886efb5544475f15787bf2bee9242_cgraph.pdf, id=711, 3
45.29pt x 100.375pt>
File: classtop_1_1_t_o_p_t_w_aa48886efb5544475f15787bf2bee9242_cgraph.pdf Graph
ic file (type pdf)
<use classtop_1_1_t_o_p_t_w_aa48886efb5544475f15787bf2bee9242_cgraph.pdf>
Package pdftex.def Info: classtop_1_1_t_o_p_t_w_aa48886efb5544475f15787bf2bee92
42_cgraph.pdf  used on input line 155.
(pdftex.def)             Requested size: 344.0pt x 100.00102pt.


[26] <./classtop_1_1_t_o_p_t_w_a137f100c5711b4b93cb5ae1711ddaf9a_cgraph.pdf>
<classtop_1_1_t_o_p_t_w_a137f100c5711b4b93cb5ae1711ddaf9a_cgraph.pdf, id=730, 2
03.76125pt x 118.4425pt>
File: classtop_1_1_t_o_p_t_w_a137f100c5711b4b93cb5ae1711ddaf9a_cgraph.pdf Graph
ic file (type pdf)
<use classtop_1_1_t_o_p_t_w_a137f100c5711b4b93cb5ae1711ddaf9a_cgraph.pdf>
Package pdftex.def Info: classtop_1_1_t_o_p_t_w_a137f100c5711b4b93cb5ae1711ddaf
9a_cgraph.pdf  used on input line 169.
(pdftex.def)             Requested size: 203.0pt x 118.00482pt.
 <./classtop_1_1_t_o_p_t_w_a137f100c5711b4b93cb5ae1711ddaf9a_icgraph.pdf>
<classtop_1_1_t_o_p_t_w_a137f100c5711b4b93cb5ae1711ddaf9a_icgraph.pdf, id=738, 
1145.27875pt x 220.825pt>
File: classtop_1_1_t_o_p_t_w_a137f100c5711b4b93cb5ae1711ddaf9a_icgraph.pdf Grap
hic file (type pdf)
<use classtop_1_1_t_o_p_t_w_a137f100c5711b4b93cb5ae1711ddaf9a_icgraph.pdf>
Package pdftex.def Info: classtop_1_1_t_o_p_t_w_a137f100c5711b4b93cb5ae1711ddaf
9a_icgraph.pdf  used on input line 177.
(pdftex.def)             Requested size: 350.0pt x 67.48462pt.
 <./classtop_1_1_t_o_p_t_w_a0d14aca2e33a8fb1eb08013c3d55abfa_cgraph.pdf>
<classtop_1_1_t_o_p_t_w_a0d14aca2e33a8fb1eb08013c3d55abfa_cgraph.pdf, id=746, 3
46.29375pt x 100.375pt>
File: classtop_1_1_t_o_p_t_w_a0d14aca2e33a8fb1eb08013c3d55abfa_cgraph.pdf Graph
ic file (type pdf)
<use classtop_1_1_t_o_p_t_w_a0d14aca2e33a8fb1eb08013c3d55abfa_cgraph.pdf>
Package pdftex.def Info: classtop_1_1_t_o_p_t_w_a0d14aca2e33a8fb1eb08013c3d55ab
fa_cgraph.pdf  used on input line 191.
(pdftex.def)             Requested size: 345.0pt x 100.00255pt.
 <./classtop_1_1_t_o_p_t_w_a0d14aca2e33a8fb1eb08013c3d55abfa_icgraph.pdf>
<classtop_1_1_t_o_p_t_w_a0d14aca2e33a8fb1eb08013c3d55abfa_icgraph.pdf, id=754, 
967.615pt x 197.73875pt>
File: classtop_1_1_t_o_p_t_w_a0d14aca2e33a8fb1eb08013c3d55abfa_icgraph.pdf Grap
hic file (type pdf)
<use classtop_1_1_t_o_p_t_w_a0d14aca2e33a8fb1eb08013c3d55abfa_icgraph.pdf>
Package pdftex.def Info: classtop_1_1_t_o_p_t_w_a0d14aca2e33a8fb1eb08013c3d55ab
fa_icgraph.pdf  used on input line 199.
(pdftex.def)             Requested size: 350.0pt x 71.52382pt.


[27] <./classtop_1_1_t_o_p_t_w_a2880cd94f79a8eeb732e99af69cdbbde_icgraph.pdf>
<classtop_1_1_t_o_p_t_w_a2880cd94f79a8eeb732e99af69cdbbde_icgraph.pdf, id=773, 
715.67375pt x 112.42pt>
File: classtop_1_1_t_o_p_t_w_a2880cd94f79a8eeb732e99af69cdbbde_icgraph.pdf Grap
hic file (type pdf)
<use classtop_1_1_t_o_p_t_w_a2880cd94f79a8eeb732e99af69cdbbde_icgraph.pdf>
Package pdftex.def Info: classtop_1_1_t_o_p_t_w_a2880cd94f79a8eeb732e99af69cdbb
de_icgraph.pdf  used on input line 213.
(pdftex.def)             Requested size: 350.0pt x 54.97992pt.
 <./classtop_1_1_t_o_p_t_w_a9363c6b94f247ce746510fe1036d143a_icgraph.pdf>
<classtop_1_1_t_o_p_t_w_a9363c6b94f247ce746510fe1036d143a_icgraph.pdf, id=781, 
992.70876pt x 162.6075pt>
File: classtop_1_1_t_o_p_t_w_a9363c6b94f247ce746510fe1036d143a_icgraph.pdf Grap
hic file (type pdf)
<use classtop_1_1_t_o_p_t_w_a9363c6b94f247ce746510fe1036d143a_icgraph.pdf>
Package pdftex.def Info: classtop_1_1_t_o_p_t_w_a9363c6b94f247ce746510fe1036d14
3a_icgraph.pdf  used on input line 227.
(pdftex.def)             Requested size: 350.0pt x 57.3303pt.
 <./classtop_1_1_t_o_p_t_w_a98907c6bbeba9aba86727ecad5058261_icgraph.pdf>
<classtop_1_1_t_o_p_t_w_a98907c6bbeba9aba86727ecad5058261_icgraph.pdf, id=789, 
957.5775pt x 252.945pt>
File: classtop_1_1_t_o_p_t_w_a98907c6bbeba9aba86727ecad5058261_icgraph.pdf Grap
hic file (type pdf)
<use classtop_1_1_t_o_p_t_w_a98907c6bbeba9aba86727ecad5058261_icgraph.pdf>
Package pdftex.def Info: classtop_1_1_t_o_p_t_w_a98907c6bbeba9aba86727ecad50582
61_icgraph.pdf  used on input line 247.
(pdftex.def)             Requested size: 350.0pt x 92.45345pt.
 <./classtop_1_1_t_o_p_t_w_a4e74b10708b232a801a4ad147892b70a_cgraph.pdf>
<classtop_1_1_t_o_p_t_w_a4e74b10708b232a801a4ad147892b70a_cgraph.pdf, id=797, 3
56.33125pt x 100.375pt>
File: classtop_1_1_t_o_p_t_w_a4e74b10708b232a801a4ad147892b70a_cgraph.pdf Graph
ic file (type pdf)
<use classtop_1_1_t_o_p_t_w_a4e74b10708b232a801a4ad147892b70a_cgraph.pdf>
Package pdftex.def Info: classtop_1_1_t_o_p_t_w_a4e74b10708b232a801a4ad147892b7
0a_cgraph.pdf  used on input line 261.
(pdftex.def)             Requested size: 350.0pt x 98.59502pt.


[28] <./classtop_1_1_t_o_p_t_w_a4e74b10708b232a801a4ad147892b70a_icgraph.pdf>
<classtop_1_1_t_o_p_t_w_a4e74b10708b232a801a4ad147892b70a_icgraph.pdf, id=817, 
960.58875pt x 194.7275pt>
File: classtop_1_1_t_o_p_t_w_a4e74b10708b232a801a4ad147892b70a_icgraph.pdf Grap
hic file (type pdf)
<use classtop_1_1_t_o_p_t_w_a4e74b10708b232a801a4ad147892b70a_icgraph.pdf>
Package pdftex.def Info: classtop_1_1_t_o_p_t_w_a4e74b10708b232a801a4ad147892b7
0a_icgraph.pdf  used on input line 269.
(pdftex.def)             Requested size: 350.0pt x 70.95163pt.
 <./classtop_1_1_t_o_p_t_w_ad028d42f72214373efca074483462837_cgraph.pdf>
<classtop_1_1_t_o_p_t_w_ad028d42f72214373efca074483462837_cgraph.pdf, id=825, 3
31.2375pt x 100.375pt>
File: classtop_1_1_t_o_p_t_w_ad028d42f72214373efca074483462837_cgraph.pdf Graph
ic file (type pdf)
<use classtop_1_1_t_o_p_t_w_ad028d42f72214373efca074483462837_cgraph.pdf>
Package pdftex.def Info: classtop_1_1_t_o_p_t_w_ad028d42f72214373efca0744834628
37_cgraph.pdf  used on input line 289.
(pdftex.def)             Requested size: 330.0pt x 100.00409pt.
 <./classtop_1_1_t_o_p_t_w_ad028d42f72214373efca074483462837_icgraph.pdf>
<classtop_1_1_t_o_p_t_w_ad028d42f72214373efca074483462837_icgraph.pdf, id=833, 
1136.245pt x 302.12875pt>
File: classtop_1_1_t_o_p_t_w_ad028d42f72214373efca074483462837_icgraph.pdf Grap
hic file (type pdf)
<use classtop_1_1_t_o_p_t_w_ad028d42f72214373efca074483462837_icgraph.pdf>
Package pdftex.def Info: classtop_1_1_t_o_p_t_w_ad028d42f72214373efca0744834628
37_icgraph.pdf  used on input line 297.
(pdftex.def)             Requested size: 350.0pt x 93.06424pt.


[29] <./classtop_1_1_t_o_p_t_w_a06b2b40d137f16bdda21c734d3ea8ac7_cgraph.pdf>
<classtop_1_1_t_o_p_t_w_a06b2b40d137f16bdda21c734d3ea8ac7_cgraph.pdf, id=853, 3
61.35pt x 100.375pt>
File: classtop_1_1_t_o_p_t_w_a06b2b40d137f16bdda21c734d3ea8ac7_cgraph.pdf Graph
ic file (type pdf)
<use classtop_1_1_t_o_p_t_w_a06b2b40d137f16bdda21c734d3ea8ac7_cgraph.pdf>
Package pdftex.def Info: classtop_1_1_t_o_p_t_w_a06b2b40d137f16bdda21c734d3ea8a
c7_cgraph.pdf  used on input line 311.
(pdftex.def)             Requested size: 350.0pt x 97.2227pt.
 <./classtop_1_1_t_o_p_t_w_a06b2b40d137f16bdda21c734d3ea8ac7_icgraph.pdf>
<classtop_1_1_t_o_p_t_w_a06b2b40d137f16bdda21c734d3ea8ac7_icgraph.pdf, id=861, 
965.6075pt x 194.7275pt>
File: classtop_1_1_t_o_p_t_w_a06b2b40d137f16bdda21c734d3ea8ac7_icgraph.pdf Grap
hic file (type pdf)
<use classtop_1_1_t_o_p_t_w_a06b2b40d137f16bdda21c734d3ea8ac7_icgraph.pdf>
Package pdftex.def Info: classtop_1_1_t_o_p_t_w_a06b2b40d137f16bdda21c734d3ea8a
c7_icgraph.pdf  used on input line 319.
(pdftex.def)             Requested size: 350.0pt x 70.58022pt.
 <./classtop_1_1_t_o_p_t_w_a3f724d2f10d5174c70748449a291ad86_cgraph.pdf>
<classtop_1_1_t_o_p_t_w_a3f724d2f10d5174c70748449a291ad86_cgraph.pdf, id=869, 3
28.22626pt x 100.375pt>
File: classtop_1_1_t_o_p_t_w_a3f724d2f10d5174c70748449a291ad86_cgraph.pdf Graph
ic file (type pdf)
<use classtop_1_1_t_o_p_t_w_a3f724d2f10d5174c70748449a291ad86_cgraph.pdf>
Package pdftex.def Info: classtop_1_1_t_o_p_t_w_a3f724d2f10d5174c70748449a291ad
86_cgraph.pdf  used on input line 333.
(pdftex.def)             Requested size: 327.0pt x 100.00102pt.


[30] <./classtop_1_1_t_o_p_t_w_abfba541876921de9ec5a63373c056446_icgraph.pdf>
<classtop_1_1_t_o_p_t_w_abfba541876921de9ec5a63373c056446_icgraph.pdf, id=888, 
1162.3425pt x 391.4625pt>
File: classtop_1_1_t_o_p_t_w_abfba541876921de9ec5a63373c056446_icgraph.pdf Grap
hic file (type pdf)
<use classtop_1_1_t_o_p_t_w_abfba541876921de9ec5a63373c056446_icgraph.pdf>
Package pdftex.def Info: classtop_1_1_t_o_p_t_w_abfba541876921de9ec5a63373c0564
46_icgraph.pdf  used on input line 347.
(pdftex.def)             Requested size: 350.0pt x 117.87569pt.
 <./classtop_1_1_t_o_p_t_w_ab17563354a34944d14e4ac57f6613da6_cgraph.pdf>
<classtop_1_1_t_o_p_t_w_ab17563354a34944d14e4ac57f6613da6_cgraph.pdf, id=896, 3
13.17pt x 100.375pt>
File: classtop_1_1_t_o_p_t_w_ab17563354a34944d14e4ac57f6613da6_cgraph.pdf Graph
ic file (type pdf)
<use classtop_1_1_t_o_p_t_w_ab17563354a34944d14e4ac57f6613da6_cgraph.pdf>
Package pdftex.def Info: classtop_1_1_t_o_p_t_w_ab17563354a34944d14e4ac57f6613d
a6_cgraph.pdf  used on input line 361.
(pdftex.def)             Requested size: 312.0pt x 100.00409pt.
 <./classtop_1_1_t_o_p_t_w_ab17563354a34944d14e4ac57f6613da6_icgraph.pdf>
<classtop_1_1_t_o_p_t_w_ab17563354a34944d14e4ac57f6613da6_icgraph.pdf, id=904, 
671.50874pt x 112.42pt>
File: classtop_1_1_t_o_p_t_w_ab17563354a34944d14e4ac57f6613da6_icgraph.pdf Grap
hic file (type pdf)
<use classtop_1_1_t_o_p_t_w_ab17563354a34944d14e4ac57f6613da6_icgraph.pdf>
Package pdftex.def Info: classtop_1_1_t_o_p_t_w_ab17563354a34944d14e4ac57f6613d
a6_icgraph.pdf  used on input line 369.
(pdftex.def)             Requested size: 350.0pt x 58.59424pt.
 <./classtop_1_1_t_o_p_t_w_a3a39395dfc3d6360273580f177bede7a_cgraph.pdf>
<classtop_1_1_t_o_p_t_w_a3a39395dfc3d6360273580f177bede7a_cgraph.pdf, id=912, 3
13.17pt x 100.375pt>
File: classtop_1_1_t_o_p_t_w_a3a39395dfc3d6360273580f177bede7a_cgraph.pdf Graph
ic file (type pdf)
<use classtop_1_1_t_o_p_t_w_a3a39395dfc3d6360273580f177bede7a_cgraph.pdf>
Package pdftex.def Info: classtop_1_1_t_o_p_t_w_a3a39395dfc3d6360273580f177bede
7a_cgraph.pdf  used on input line 383.
(pdftex.def)             Requested size: 312.0pt x 100.00409pt.


[31] <./classtop_1_1_t_o_p_t_w_a3a39395dfc3d6360273580f177bede7a_icgraph.pdf>
<classtop_1_1_t_o_p_t_w_a3a39395dfc3d6360273580f177bede7a_icgraph.pdf, id=931, 
671.50874pt x 112.42pt>
File: classtop_1_1_t_o_p_t_w_a3a39395dfc3d6360273580f177bede7a_icgraph.pdf Grap
hic file (type pdf)
<use classtop_1_1_t_o_p_t_w_a3a39395dfc3d6360273580f177bede7a_icgraph.pdf>
Package pdftex.def Info: classtop_1_1_t_o_p_t_w_a3a39395dfc3d6360273580f177bede
7a_icgraph.pdf  used on input line 391.
(pdftex.def)             Requested size: 350.0pt x 58.59424pt.
 <./classtop_1_1_t_o_p_t_w_a642e958056dc77c10d72831d633e2f49_icgraph.pdf>
<classtop_1_1_t_o_p_t_w_a642e958056dc77c10d72831d633e2f49_icgraph.pdf, id=939, 
1312.905pt x 438.63875pt>
File: classtop_1_1_t_o_p_t_w_a642e958056dc77c10d72831d633e2f49_icgraph.pdf Grap
hic file (type pdf)
<use classtop_1_1_t_o_p_t_w_a642e958056dc77c10d72831d633e2f49_icgraph.pdf>
Package pdftex.def Info: classtop_1_1_t_o_p_t_w_a642e958056dc77c10d72831d633e2f
49_icgraph.pdf  used on input line 405.
(pdftex.def)             Requested size: 350.0pt x 116.93478pt.
 <./classtop_1_1_t_o_p_t_w_a0576cf2e4c066aae858a2487ada18785_icgraph.pdf>
<classtop_1_1_t_o_p_t_w_a0576cf2e4c066aae858a2487ada18785_icgraph.pdf, id=947, 
549.05125pt x 100.375pt>
File: classtop_1_1_t_o_p_t_w_a0576cf2e4c066aae858a2487ada18785_icgraph.pdf Grap
hic file (type pdf)
<use classtop_1_1_t_o_p_t_w_a0576cf2e4c066aae858a2487ada18785_icgraph.pdf>
Package pdftex.def Info: classtop_1_1_t_o_p_t_w_a0576cf2e4c066aae858a2487ada187
85_icgraph.pdf  used on input line 419.
(pdftex.def)             Requested size: 350.0pt x 63.98705pt.


[32] <./classtop_1_1_t_o_p_t_w_afbe8fd7e4e3b3d702768e01643558ddf_icgraph.pdf>
<classtop_1_1_t_o_p_t_w_afbe8fd7e4e3b3d702768e01643558ddf_icgraph.pdf, id=966, 
591.20876pt x 100.375pt>
File: classtop_1_1_t_o_p_t_w_afbe8fd7e4e3b3d702768e01643558ddf_icgraph.pdf Grap
hic file (type pdf)
<use classtop_1_1_t_o_p_t_w_afbe8fd7e4e3b3d702768e01643558ddf_icgraph.pdf>
Package pdftex.def Info: classtop_1_1_t_o_p_t_w_afbe8fd7e4e3b3d702768e01643558d
df_icgraph.pdf  used on input line 439.
(pdftex.def)             Requested size: 350.0pt x 59.42442pt.
 <./classtop_1_1_t_o_p_t_w_a97c54405c2ffff1b04371ee42acb1dff_icgraph.pdf>
<classtop_1_1_t_o_p_t_w_a97c54405c2ffff1b04371ee42acb1dff_icgraph.pdf, id=974, 
559.08875pt x 100.375pt>
File: classtop_1_1_t_o_p_t_w_a97c54405c2ffff1b04371ee42acb1dff_icgraph.pdf Grap
hic file (type pdf)
<use classtop_1_1_t_o_p_t_w_a97c54405c2ffff1b04371ee42acb1dff_icgraph.pdf>
Package pdftex.def Info: classtop_1_1_t_o_p_t_w_a97c54405c2ffff1b04371ee42acb1d
ff_icgraph.pdf  used on input line 459.
(pdftex.def)             Requested size: 350.0pt x 62.83835pt.
 <./classtop_1_1_t_o_p_t_w_af9ea3e6941f3ebf4c4415a563d824d89_icgraph.pdf>
<classtop_1_1_t_o_p_t_w_af9ea3e6941f3ebf4c4415a563d824d89_icgraph.pdf, id=982, 
533.995pt x 100.375pt>
File: classtop_1_1_t_o_p_t_w_af9ea3e6941f3ebf4c4415a563d824d89_icgraph.pdf Grap
hic file (type pdf)
<use classtop_1_1_t_o_p_t_w_af9ea3e6941f3ebf4c4415a563d824d89_icgraph.pdf>
Package pdftex.def Info: classtop_1_1_t_o_p_t_w_af9ea3e6941f3ebf4c4415a563d824d
89_icgraph.pdf  used on input line 473.
(pdftex.def)             Requested size: 350.0pt x 65.79128pt.


[33] <./classtop_1_1_t_o_p_t_w_adce95dbc2b525cbbde383e0b950f874e_icgraph.pdf>
<classtop_1_1_t_o_p_t_w_adce95dbc2b525cbbde383e0b950f874e_icgraph.pdf, id=1003,
 564.1075pt x 100.375pt>
File: classtop_1_1_t_o_p_t_w_adce95dbc2b525cbbde383e0b950f874e_icgraph.pdf Grap
hic file (type pdf)
<use classtop_1_1_t_o_p_t_w_adce95dbc2b525cbbde383e0b950f874e_icgraph.pdf>
Package pdftex.def Info: classtop_1_1_t_o_p_t_w_adce95dbc2b525cbbde383e0b950f87
4e_icgraph.pdf  used on input line 487.
(pdftex.def)             Requested size: 350.0pt x 62.27779pt.
 <./classtop_1_1_t_o_p_t_w_a14a7fc055b07f3fb564666ad4ff12084_icgraph.pdf>
<classtop_1_1_t_o_p_t_w_a14a7fc055b07f3fb564666ad4ff12084_icgraph.pdf, id=1011,
 515.9275pt x 100.375pt>
File: classtop_1_1_t_o_p_t_w_a14a7fc055b07f3fb564666ad4ff12084_icgraph.pdf Grap
hic file (type pdf)
<use classtop_1_1_t_o_p_t_w_a14a7fc055b07f3fb564666ad4ff12084_icgraph.pdf>
Package pdftex.def Info: classtop_1_1_t_o_p_t_w_a14a7fc055b07f3fb564666ad4ff120
84_icgraph.pdf  used on input line 501.
(pdftex.def)             Requested size: 350.0pt x 68.09479pt.
 <./classtop_1_1_t_o_p_t_w_a8318436161579a8b9050a657ca63c5e0_icgraph.pdf>
<classtop_1_1_t_o_p_t_w_a8318436161579a8b9050a657ca63c5e0_icgraph.pdf, id=1019,
 515.9275pt x 100.375pt>
File: classtop_1_1_t_o_p_t_w_a8318436161579a8b9050a657ca63c5e0_icgraph.pdf Grap
hic file (type pdf)
<use classtop_1_1_t_o_p_t_w_a8318436161579a8b9050a657ca63c5e0_icgraph.pdf>
Package pdftex.def Info: classtop_1_1_t_o_p_t_w_a8318436161579a8b9050a657ca63c5
e0_icgraph.pdf  used on input line 515.
(pdftex.def)             Requested size: 350.0pt x 68.09479pt.
 <./classtop_1_1_t_o_p_t_w_a339572ea7e09f0b54ee9221710a41e3d_cgraph.pdf>
<classtop_1_1_t_o_p_t_w_a339572ea7e09f0b54ee9221710a41e3d_cgraph.pdf, id=1027, 
524.96124pt x 162.6075pt>
File: classtop_1_1_t_o_p_t_w_a339572ea7e09f0b54ee9221710a41e3d_cgraph.pdf Graph
ic file (type pdf)
<use classtop_1_1_t_o_p_t_w_a339572ea7e09f0b54ee9221710a41e3d_cgraph.pdf>
Package pdftex.def Info: classtop_1_1_t_o_p_t_w_a339572ea7e09f0b54ee9221710a41e
3d_cgraph.pdf  used on input line 529.
(pdftex.def)             Requested size: 350.0pt x 108.41548pt.


[34]) (classtop_1_1_t_o_p_t_w_evaluator.tex)
(classtop_1_1_t_o_p_t_w_g_r_a_s_p.tex

[35] <./classtop_1_1_t_o_p_t_w_g_r_a_s_p_a2c07bc597fa781b81a53ad1017e24a4f_icgr
aph.pdf>
<classtop_1_1_t_o_p_t_w_g_r_a_s_p_a2c07bc597fa781b81a53ad1017e24a4f_icgraph.pdf
, id=1087, 1025.8325pt x 134.5025pt>
File: classtop_1_1_t_o_p_t_w_g_r_a_s_p_a2c07bc597fa781b81a53ad1017e24a4f_icgrap
h.pdf Graphic file (type pdf)
<use classtop_1_1_t_o_p_t_w_g_r_a_s_p_a2c07bc597fa781b81a53ad1017e24a4f_icgraph
.pdf>
Package pdftex.def Info: classtop_1_1_t_o_p_t_w_g_r_a_s_p_a2c07bc597fa781b81a53
ad1017e24a4f_icgraph.pdf  used on input line 60.
(pdftex.def)             Requested size: 350.0pt x 45.89032pt.
 <./classtop_1_1_t_o_p_t_w_g_r_a_s_p_ae706fe2d8478acf0a026bb40e8fc9df7_cgraph.p
df>
<classtop_1_1_t_o_p_t_w_g_r_a_s_p_ae706fe2d8478acf0a026bb40e8fc9df7_cgraph.pdf,
 id=1095, 615.29875pt x 470.75874pt>
File: classtop_1_1_t_o_p_t_w_g_r_a_s_p_ae706fe2d8478acf0a026bb40e8fc9df7_cgraph
.pdf Graphic file (type pdf)
<use classtop_1_1_t_o_p_t_w_g_r_a_s_p_ae706fe2d8478acf0a026bb40e8fc9df7_cgraph.
pdf>
Package pdftex.def Info: classtop_1_1_t_o_p_t_w_g_r_a_s_p_ae706fe2d8478acf0a026
bb40e8fc9df7_cgraph.pdf  used on input line 74.
(pdftex.def)             Requested size: 350.0pt x 267.78217pt.


[36] <./classtop_1_1_t_o_p_t_w_g_r_a_s_p_ae706fe2d8478acf0a026bb40e8fc9df7_icgr
aph.pdf>
<classtop_1_1_t_o_p_t_w_g_r_a_s_p_ae706fe2d8478acf0a026bb40e8fc9df7_icgraph.pdf
, id=1130, 789.95125pt x 112.42pt>
File: classtop_1_1_t_o_p_t_w_g_r_a_s_p_ae706fe2d8478acf0a026bb40e8fc9df7_icgrap
h.pdf Graphic file (type pdf)
<use classtop_1_1_t_o_p_t_w_g_r_a_s_p_ae706fe2d8478acf0a026bb40e8fc9df7_icgraph
.pdf>
Package pdftex.def Info: classtop_1_1_t_o_p_t_w_g_r_a_s_p_ae706fe2d8478acf0a026
bb40e8fc9df7_icgraph.pdf  used on input line 82.
(pdftex.def)             Requested size: 350.0pt x 49.80974pt.
 <./classtop_1_1_t_o_p_t_w_g_r_a_s_p_ade97c51a7d20660d7d306b756b4a6302_cgraph.p
df>
<classtop_1_1_t_o_p_t_w_g_r_a_s_p_ade97c51a7d20660d7d306b756b4a6302_cgraph.pdf,
 id=1138, 1071.00125pt x 648.4225pt>
File: classtop_1_1_t_o_p_t_w_g_r_a_s_p_ade97c51a7d20660d7d306b756b4a6302_cgraph
.pdf Graphic file (type pdf)
<use classtop_1_1_t_o_p_t_w_g_r_a_s_p_ade97c51a7d20660d7d306b756b4a6302_cgraph.
pdf>
Package pdftex.def Info: classtop_1_1_t_o_p_t_w_g_r_a_s_p_ade97c51a7d20660d7d30
6b756b4a6302_cgraph.pdf  used on input line 96.
(pdftex.def)             Requested size: 350.0pt x 211.90231pt.


[37] <./classtop_1_1_t_o_p_t_w_g_r_a_s_p_ade97c51a7d20660d7d306b756b4a6302_icgr
aph.pdf>
<classtop_1_1_t_o_p_t_w_g_r_a_s_p_ade97c51a7d20660d7d306b756b4a6302_icgraph.pdf
, id=1155, 582.175pt x 112.42pt>
File: classtop_1_1_t_o_p_t_w_g_r_a_s_p_ade97c51a7d20660d7d306b756b4a6302_icgrap
h.pdf Graphic file (type pdf)
<use classtop_1_1_t_o_p_t_w_g_r_a_s_p_ade97c51a7d20660d7d306b756b4a6302_icgraph
.pdf>
Package pdftex.def Info: classtop_1_1_t_o_p_t_w_g_r_a_s_p_ade97c51a7d20660d7d30
6b756b4a6302_icgraph.pdf  used on input line 104.
(pdftex.def)             Requested size: 350.0pt x 67.58803pt.
 <./classtop_1_1_t_o_p_t_w_g_r_a_s_p_a717d4390dfb843bed804afb598e27a87_cgraph.p
df>
<classtop_1_1_t_o_p_t_w_g_r_a_s_p_a717d4390dfb843bed804afb598e27a87_cgraph.pdf,
 id=1163, 822.07124pt x 157.58875pt>
File: classtop_1_1_t_o_p_t_w_g_r_a_s_p_a717d4390dfb843bed804afb598e27a87_cgraph
.pdf Graphic file (type pdf)
<use classtop_1_1_t_o_p_t_w_g_r_a_s_p_a717d4390dfb843bed804afb598e27a87_cgraph.
pdf>
Package pdftex.def Info: classtop_1_1_t_o_p_t_w_g_r_a_s_p_a717d4390dfb843bed804
afb598e27a87_cgraph.pdf  used on input line 118.
(pdftex.def)             Requested size: 350.0pt x 67.09335pt.
 <./classtop_1_1_t_o_p_t_w_g_r_a_s_p_a717d4390dfb843bed804afb598e27a87_icgraph.
pdf>
<classtop_1_1_t_o_p_t_w_g_r_a_s_p_a717d4390dfb843bed804afb598e27a87_icgraph.pdf
, id=1171, 787.94376pt x 112.42pt>
File: classtop_1_1_t_o_p_t_w_g_r_a_s_p_a717d4390dfb843bed804afb598e27a87_icgrap
h.pdf Graphic file (type pdf)
<use classtop_1_1_t_o_p_t_w_g_r_a_s_p_a717d4390dfb843bed804afb598e27a87_icgraph
.pdf>
Package pdftex.def Info: classtop_1_1_t_o_p_t_w_g_r_a_s_p_a717d4390dfb843bed804
afb598e27a87_icgraph.pdf  used on input line 126.
(pdftex.def)             Requested size: 350.0pt x 49.93497pt.


[38] <./classtop_1_1_t_o_p_t_w_g_r_a_s_p_aa921b046fab55b437ea10e5cc286c014_cgra
ph.pdf>
<classtop_1_1_t_o_p_t_w_g_r_a_s_p_aa921b046fab55b437ea10e5cc286c014_cgraph.pdf,
 id=1189, 784.9325pt x 138.5175pt>
File: classtop_1_1_t_o_p_t_w_g_r_a_s_p_aa921b046fab55b437ea10e5cc286c014_cgraph
.pdf Graphic file (type pdf)
<use classtop_1_1_t_o_p_t_w_g_r_a_s_p_aa921b046fab55b437ea10e5cc286c014_cgraph.
pdf>
Package pdftex.def Info: classtop_1_1_t_o_p_t_w_g_r_a_s_p_aa921b046fab55b437ea1
0e5cc286c014_cgraph.pdf  used on input line 140.
(pdftex.def)             Requested size: 350.0pt x 61.76584pt.
 <./classtop_1_1_t_o_p_t_w_g_r_a_s_p_aa921b046fab55b437ea10e5cc286c014_icgraph.
pdf>
<classtop_1_1_t_o_p_t_w_g_r_a_s_p_aa921b046fab55b437ea10e5cc286c014_icgraph.pdf
, id=1197, 787.94376pt x 112.42pt>
File: classtop_1_1_t_o_p_t_w_g_r_a_s_p_aa921b046fab55b437ea10e5cc286c014_icgrap
h.pdf Graphic file (type pdf)
<use classtop_1_1_t_o_p_t_w_g_r_a_s_p_aa921b046fab55b437ea10e5cc286c014_icgraph
.pdf>
Package pdftex.def Info: classtop_1_1_t_o_p_t_w_g_r_a_s_p_aa921b046fab55b437ea1
0e5cc286c014_icgraph.pdf  used on input line 148.
(pdftex.def)             Requested size: 350.0pt x 49.93497pt.
 <./classtop_1_1_t_o_p_t_w_g_r_a_s_p_ae0fad47956718e9e96ee5fb6022d9f5b_cgraph.p
df>
<classtop_1_1_t_o_p_t_w_g_r_a_s_p_ae0fad47956718e9e96ee5fb6022d9f5b_cgraph.pdf,
 id=1205, 578.16pt x 138.5175pt>
File: classtop_1_1_t_o_p_t_w_g_r_a_s_p_ae0fad47956718e9e96ee5fb6022d9f5b_cgraph
.pdf Graphic file (type pdf)
<use classtop_1_1_t_o_p_t_w_g_r_a_s_p_ae0fad47956718e9e96ee5fb6022d9f5b_cgraph.
pdf>
Package pdftex.def Info: classtop_1_1_t_o_p_t_w_g_r_a_s_p_ae0fad47956718e9e96ee
5fb6022d9f5b_cgraph.pdf  used on input line 162.
(pdftex.def)             Requested size: 350.0pt x 83.853pt.
 <./classtop_1_1_t_o_p_t_w_g_r_a_s_p_ae0fad47956718e9e96ee5fb6022d9f5b_icgraph.
pdf>
<classtop_1_1_t_o_p_t_w_g_r_a_s_p_ae0fad47956718e9e96ee5fb6022d9f5b_icgraph.pdf
, id=1213, 987.69pt x 162.6075pt>
File: classtop_1_1_t_o_p_t_w_g_r_a_s_p_ae0fad47956718e9e96ee5fb6022d9f5b_icgrap
h.pdf Graphic file (type pdf)
<use classtop_1_1_t_o_p_t_w_g_r_a_s_p_ae0fad47956718e9e96ee5fb6022d9f5b_icgraph
.pdf>
Package pdftex.def Info: classtop_1_1_t_o_p_t_w_g_r_a_s_p_ae0fad47956718e9e96ee
5fb6022d9f5b_icgraph.pdf  used on input line 170.
(pdftex.def)             Requested size: 350.0pt x 57.6206pt.


[39] <./classtop_1_1_t_o_p_t_w_g_r_a_s_p_a11242fc809f6a16ff81136c4785fdc3e_cgra
ph.pdf>
<classtop_1_1_t_o_p_t_w_g_r_a_s_p_a11242fc809f6a16ff81136c4785fdc3e_cgraph.pdf,
 id=1234, 1257.69875pt x 911.405pt>
File: classtop_1_1_t_o_p_t_w_g_r_a_s_p_a11242fc809f6a16ff81136c4785fdc3e_cgraph
.pdf Graphic file (type pdf)
<use classtop_1_1_t_o_p_t_w_g_r_a_s_p_a11242fc809f6a16ff81136c4785fdc3e_cgraph.
pdf>
Package pdftex.def Info: classtop_1_1_t_o_p_t_w_g_r_a_s_p_a11242fc809f6a16ff811
36c4785fdc3e_cgraph.pdf  used on input line 196.
(pdftex.def)             Requested size: 350.0pt x 253.62018pt.
 <./classtop_1_1_t_o_p_t_w_g_r_a_s_p_a11242fc809f6a16ff81136c4785fdc3e_icgraph.
pdf>
<classtop_1_1_t_o_p_t_w_g_r_a_s_p_a11242fc809f6a16ff81136c4785fdc3e_icgraph.pdf
, id=1242, 370.38374pt x 100.375pt>
File: classtop_1_1_t_o_p_t_w_g_r_a_s_p_a11242fc809f6a16ff81136c4785fdc3e_icgrap
h.pdf Graphic file (type pdf)
<use classtop_1_1_t_o_p_t_w_g_r_a_s_p_a11242fc809f6a16ff81136c4785fdc3e_icgraph
.pdf>
Package pdftex.def Info: classtop_1_1_t_o_p_t_w_g_r_a_s_p_a11242fc809f6a16ff811
36c4785fdc3e_icgraph.pdf  used on input line 204.
(pdftex.def)             Requested size: 350.0pt x 94.85179pt.


[40] <./classtop_1_1_t_o_p_t_w_g_r_a_s_p_adaccdd26e4ad89ffb3e86c780dcd90d7_cgra
ph.pdf>
<classtop_1_1_t_o_p_t_w_g_r_a_s_p_adaccdd26e4ad89ffb3e86c780dcd90d7_cgraph.pdf,
 id=1261, 622.325pt x 435.6275pt>
File: classtop_1_1_t_o_p_t_w_g_r_a_s_p_adaccdd26e4ad89ffb3e86c780dcd90d7_cgraph
.pdf Graphic file (type pdf)
<use classtop_1_1_t_o_p_t_w_g_r_a_s_p_adaccdd26e4ad89ffb3e86c780dcd90d7_cgraph.
pdf>
Package pdftex.def Info: classtop_1_1_t_o_p_t_w_g_r_a_s_p_adaccdd26e4ad89ffb3e8
6c780dcd90d7_cgraph.pdf  used on input line 230.
(pdftex.def)             Requested size: 350.0pt x 244.99998pt.
 <./classtop_1_1_t_o_p_t_w_g_r_a_s_p_adaccdd26e4ad89ffb3e86c780dcd90d7_icgraph.
pdf>
<classtop_1_1_t_o_p_t_w_g_r_a_s_p_adaccdd26e4ad89ffb3e86c780dcd90d7_icgraph.pdf
, id=1269, 787.94376pt x 112.42pt>
File: classtop_1_1_t_o_p_t_w_g_r_a_s_p_adaccdd26e4ad89ffb3e86c780dcd90d7_icgrap
h.pdf Graphic file (type pdf)
<use classtop_1_1_t_o_p_t_w_g_r_a_s_p_adaccdd26e4ad89ffb3e86c780dcd90d7_icgraph
.pdf>
Package pdftex.def Info: classtop_1_1_t_o_p_t_w_g_r_a_s_p_adaccdd26e4ad89ffb3e8
6c780dcd90d7_icgraph.pdf  used on input line 238.
(pdftex.def)             Requested size: 350.0pt x 49.93497pt.
) (classtop_1_1_t_o_p_t_w_reader.tex

[41] <./classtop_1_1_t_o_p_t_w_reader_abad17029fc8928818483c5053dde0fa2_cgraph.
pdf>
<classtop_1_1_t_o_p_t_w_reader_abad17029fc8928818483c5053dde0fa2_cgraph.pdf, id
=1293, 582.175pt x 505.89pt>
File: classtop_1_1_t_o_p_t_w_reader_abad17029fc8928818483c5053dde0fa2_cgraph.pd
f Graphic file (type pdf)
<use classtop_1_1_t_o_p_t_w_reader_abad17029fc8928818483c5053dde0fa2_cgraph.pdf
>
Package pdftex.def Info: classtop_1_1_t_o_p_t_w_reader_abad17029fc8928818483c50
53dde0fa2_cgraph.pdf  used on input line 22.
(pdftex.def)             Requested size: 350.0pt x 304.14615pt.
 <./classtop_1_1_t_o_p_t_w_reader_abad17029fc8928818483c5053dde0fa2_icgraph.pdf
>
<classtop_1_1_t_o_p_t_w_reader_abad17029fc8928818483c5053dde0fa2_icgraph.pdf, i
d=1301, 388.45125pt x 100.375pt>
File: classtop_1_1_t_o_p_t_w_reader_abad17029fc8928818483c5053dde0fa2_icgraph.p
df Graphic file (type pdf)
<use classtop_1_1_t_o_p_t_w_reader_abad17029fc8928818483c5053dde0fa2_icgraph.pd
f>
Package pdftex.def Info: classtop_1_1_t_o_p_t_w_reader_abad17029fc8928818483c50
53dde0fa2_icgraph.pdf  used on input line 30.
(pdftex.def)             Requested size: 350.0pt x 90.4408pt.
) (classtop_1_1_t_o_p_t_w_route.tex

[42]) (classtop_1_1_t_o_p_t_w_solution.tex

[43] <./classtop_1_1_t_o_p_t_w_solution_a45192e5d12a12ec58030397041b4a369_cgrap
h.pdf>
<classtop_1_1_t_o_p_t_w_solution_a45192e5d12a12ec58030397041b4a369_cgraph.pdf, 
id=1379, 416.55624pt x 138.5175pt>
File: classtop_1_1_t_o_p_t_w_solution_a45192e5d12a12ec58030397041b4a369_cgraph.
pdf Graphic file (type pdf)
<use classtop_1_1_t_o_p_t_w_solution_a45192e5d12a12ec58030397041b4a369_cgraph.p
df>
Package pdftex.def Info: classtop_1_1_t_o_p_t_w_solution_a45192e5d12a12ec580303
97041b4a369_cgraph.pdf  used on input line 77.
(pdftex.def)             Requested size: 350.0pt x 116.39194pt.


[44] <./classtop_1_1_t_o_p_t_w_solution_a74df6b4b5c27f611de4a25e34d0bd907_cgrap
h.pdf>
<classtop_1_1_t_o_p_t_w_solution_a74df6b4b5c27f611de4a25e34d0bd907_cgraph.pdf, 
id=1425, 402.50375pt x 138.5175pt>
File: classtop_1_1_t_o_p_t_w_solution_a74df6b4b5c27f611de4a25e34d0bd907_cgraph.
pdf Graphic file (type pdf)
<use classtop_1_1_t_o_p_t_w_solution_a74df6b4b5c27f611de4a25e34d0bd907_cgraph.p
df>
Package pdftex.def Info: classtop_1_1_t_o_p_t_w_solution_a74df6b4b5c27f611de4a2
5e34d0bd907_cgraph.pdf  used on input line 94.
(pdftex.def)             Requested size: 350.0pt x 120.44794pt.
 <./classtop_1_1_t_o_p_t_w_solution_a74df6b4b5c27f611de4a25e34d0bd907_icgraph.p
df>
<classtop_1_1_t_o_p_t_w_solution_a74df6b4b5c27f611de4a25e34d0bd907_icgraph.pdf,
 id=1433, 766.865pt x 112.42pt>
File: classtop_1_1_t_o_p_t_w_solution_a74df6b4b5c27f611de4a25e34d0bd907_icgraph
.pdf Graphic file (type pdf)
<use classtop_1_1_t_o_p_t_w_solution_a74df6b4b5c27f611de4a25e34d0bd907_icgraph.
pdf>
Package pdftex.def Info: classtop_1_1_t_o_p_t_w_solution_a74df6b4b5c27f611de4a2
5e34d0bd907_icgraph.pdf  used on input line 102.
(pdftex.def)             Requested size: 350.0pt x 51.30899pt.
 <./classtop_1_1_t_o_p_t_w_solution_a07ec0a724167095ad061040e11136a19_cgraph.pd
f>
<classtop_1_1_t_o_p_t_w_solution_a07ec0a724167095ad061040e11136a19_cgraph.pdf, 
id=1442, 585.18625pt x 238.8925pt>
File: classtop_1_1_t_o_p_t_w_solution_a07ec0a724167095ad061040e11136a19_cgraph.
pdf Graphic file (type pdf)
<use classtop_1_1_t_o_p_t_w_solution_a07ec0a724167095ad061040e11136a19_cgraph.p
df>
Package pdftex.def Info: classtop_1_1_t_o_p_t_w_solution_a07ec0a724167095ad0610
40e11136a19_cgraph.pdf  used on input line 122.
(pdftex.def)             Requested size: 350.0pt x 142.88823pt.
 <./classtop_1_1_t_o_p_t_w_solution_a07ec0a724167095ad061040e11136a19_icgraph.p
df>
<classtop_1_1_t_o_p_t_w_solution_a07ec0a724167095ad061040e11136a19_icgraph.pdf,
 id=1450, 571.13374pt x 138.5175pt>
File: classtop_1_1_t_o_p_t_w_solution_a07ec0a724167095ad061040e11136a19_icgraph
.pdf Graphic file (type pdf)
<use classtop_1_1_t_o_p_t_w_solution_a07ec0a724167095ad061040e11136a19_icgraph.
pdf>
Package pdftex.def Info: classtop_1_1_t_o_p_t_w_solution_a07ec0a724167095ad0610
40e11136a19_icgraph.pdf  used on input line 130.
(pdftex.def)             Requested size: 350.0pt x 84.88655pt.


[45] <./classtop_1_1_t_o_p_t_w_solution_a42484d84c9770ebbb8778fc149abbb58_cgrap
h.pdf>
<classtop_1_1_t_o_p_t_w_solution_a42484d84c9770ebbb8778fc149abbb58_cgraph.pdf, 
id=1470, 393.47pt x 112.42pt>
File: classtop_1_1_t_o_p_t_w_solution_a42484d84c9770ebbb8778fc149abbb58_cgraph.
pdf Graphic file (type pdf)
<use classtop_1_1_t_o_p_t_w_solution_a42484d84c9770ebbb8778fc149abbb58_cgraph.p
df>
Package pdftex.def Info: classtop_1_1_t_o_p_t_w_solution_a42484d84c9770ebbb8778
fc149abbb58_cgraph.pdf  used on input line 150.
(pdftex.def)             Requested size: 350.0pt x 99.99858pt.
 <./classtop_1_1_t_o_p_t_w_solution_a42484d84c9770ebbb8778fc149abbb58_icgraph.p
df>
<classtop_1_1_t_o_p_t_w_solution_a42484d84c9770ebbb8778fc149abbb58_icgraph.pdf,
 id=1478, 981.6675pt x 283.0575pt>
File: classtop_1_1_t_o_p_t_w_solution_a42484d84c9770ebbb8778fc149abbb58_icgraph
.pdf Graphic file (type pdf)
<use classtop_1_1_t_o_p_t_w_solution_a42484d84c9770ebbb8778fc149abbb58_icgraph.
pdf>
Package pdftex.def Info: classtop_1_1_t_o_p_t_w_solution_a42484d84c9770ebbb8778
fc149abbb58_icgraph.pdf  used on input line 158.
(pdftex.def)             Requested size: 350.0pt x 100.92018pt.
 <./classtop_1_1_t_o_p_t_w_solution_a822040f322ba94a35ed101f6c53f0b33_cgraph.pd
f>
<classtop_1_1_t_o_p_t_w_solution_a822040f322ba94a35ed101f6c53f0b33_cgraph.pdf, 
id=1486, 400.49625pt x 118.4425pt>
File: classtop_1_1_t_o_p_t_w_solution_a822040f322ba94a35ed101f6c53f0b33_cgraph.
pdf Graphic file (type pdf)
<use classtop_1_1_t_o_p_t_w_solution_a822040f322ba94a35ed101f6c53f0b33_cgraph.p
df>
Package pdftex.def Info: classtop_1_1_t_o_p_t_w_solution_a822040f322ba94a35ed10
1f6c53f0b33_cgraph.pdf  used on input line 172.
(pdftex.def)             Requested size: 350.0pt x 103.51402pt.


[46] <./classtop_1_1_t_o_p_t_w_solution_a822040f322ba94a35ed101f6c53f0b33_icgra
ph.pdf>
<classtop_1_1_t_o_p_t_w_solution_a822040f322ba94a35ed101f6c53f0b33_icgraph.pdf,
 id=1504, 985.6825pt x 194.7275pt>
File: classtop_1_1_t_o_p_t_w_solution_a822040f322ba94a35ed101f6c53f0b33_icgraph
.pdf Graphic file (type pdf)
<use classtop_1_1_t_o_p_t_w_solution_a822040f322ba94a35ed101f6c53f0b33_icgraph.
pdf>
Package pdftex.def Info: classtop_1_1_t_o_p_t_w_solution_a822040f322ba94a35ed10
1f6c53f0b33_icgraph.pdf  used on input line 180.
(pdftex.def)             Requested size: 350.0pt x 69.14508pt.
 <./classtop_1_1_t_o_p_t_w_solution_a0c4692927923549f0e137ea74850a8b6_icgraph.p
df>
<classtop_1_1_t_o_p_t_w_solution_a0c4692927923549f0e137ea74850a8b6_icgraph.pdf,
 id=1512, 970.62625pt x 283.0575pt>
File: classtop_1_1_t_o_p_t_w_solution_a0c4692927923549f0e137ea74850a8b6_icgraph
.pdf Graphic file (type pdf)
<use classtop_1_1_t_o_p_t_w_solution_a0c4692927923549f0e137ea74850a8b6_icgraph.
pdf>
Package pdftex.def Info: classtop_1_1_t_o_p_t_w_solution_a0c4692927923549f0e137
ea74850a8b6_icgraph.pdf  used on input line 194.
(pdftex.def)             Requested size: 350.0pt x 102.06906pt.
 <./classtop_1_1_t_o_p_t_w_solution_a82688039e6f671f6d2f57a1888fe3c21_cgraph.pd
f>
<classtop_1_1_t_o_p_t_w_solution_a82688039e6f671f6d2f57a1888fe3c21_cgraph.pdf, 
id=1520, 591.20876pt x 694.595pt>
File: classtop_1_1_t_o_p_t_w_solution_a82688039e6f671f6d2f57a1888fe3c21_cgraph.
pdf Graphic file (type pdf)
<use classtop_1_1_t_o_p_t_w_solution_a82688039e6f671f6d2f57a1888fe3c21_cgraph.p
df>
Package pdftex.def Info: classtop_1_1_t_o_p_t_w_solution_a82688039e6f671f6d2f57
a1888fe3c21_cgraph.pdf  used on input line 208.
(pdftex.def)             Requested size: 350.0pt x 411.21712pt.


[47] <./classtop_1_1_t_o_p_t_w_solution_a82688039e6f671f6d2f57a1888fe3c21_icgra
ph.pdf>
<classtop_1_1_t_o_p_t_w_solution_a82688039e6f671f6d2f57a1888fe3c21_icgraph.pdf,
 id=1539, 544.0325pt x 112.42pt>
File: classtop_1_1_t_o_p_t_w_solution_a82688039e6f671f6d2f57a1888fe3c21_icgraph
.pdf Graphic file (type pdf)
<use classtop_1_1_t_o_p_t_w_solution_a82688039e6f671f6d2f57a1888fe3c21_icgraph.
pdf>
Package pdftex.def Info: classtop_1_1_t_o_p_t_w_solution_a82688039e6f671f6d2f57
a1888fe3c21_icgraph.pdf  used on input line 216.
(pdftex.def)             Requested size: 350.0pt x 72.32765pt.


[48] <./classtop_1_1_t_o_p_t_w_solution_a4ed9a239d683e7770681aba78e8121a3_icgra
ph.pdf>
<classtop_1_1_t_o_p_t_w_solution_a4ed9a239d683e7770681aba78e8121a3_icgraph.pdf,
 id=1557, 1189.44376pt x 304.13625pt>
File: classtop_1_1_t_o_p_t_w_solution_a4ed9a239d683e7770681aba78e8121a3_icgraph
.pdf Graphic file (type pdf)
<use classtop_1_1_t_o_p_t_w_solution_a4ed9a239d683e7770681aba78e8121a3_icgraph.
pdf>
Package pdftex.def Info: classtop_1_1_t_o_p_t_w_solution_a4ed9a239d683e7770681a
ba78e8121a3_icgraph.pdf  used on input line 254.
(pdftex.def)             Requested size: 350.0pt x 89.492pt.
 <./classtop_1_1_t_o_p_t_w_solution_a559f4d8cc4b93d998243d7479fd6da8d_icgraph.p
df>
<classtop_1_1_t_o_p_t_w_solution_a559f4d8cc4b93d998243d7479fd6da8d_icgraph.pdf,
 id=1565, 993.7125pt x 283.0575pt>
File: classtop_1_1_t_o_p_t_w_solution_a559f4d8cc4b93d998243d7479fd6da8d_icgraph
.pdf Graphic file (type pdf)
<use classtop_1_1_t_o_p_t_w_solution_a559f4d8cc4b93d998243d7479fd6da8d_icgraph.
pdf>
Package pdftex.def Info: classtop_1_1_t_o_p_t_w_solution_a559f4d8cc4b93d998243d
7479fd6da8d_icgraph.pdf  used on input line 268.
(pdftex.def)             Requested size: 350.0pt x 99.69786pt.


[49] <./classtop_1_1_t_o_p_t_w_solution_ae2cebb1c58169b05b0dcccd65eabc654_cgrap
h.pdf>
<classtop_1_1_t_o_p_t_w_solution_ae2cebb1c58169b05b0dcccd65eabc654_cgraph.pdf, 
id=1585, 393.47pt x 138.5175pt>
File: classtop_1_1_t_o_p_t_w_solution_ae2cebb1c58169b05b0dcccd65eabc654_cgraph.
pdf Graphic file (type pdf)
<use classtop_1_1_t_o_p_t_w_solution_ae2cebb1c58169b05b0dcccd65eabc654_cgraph.p
df>
Package pdftex.def Info: classtop_1_1_t_o_p_t_w_solution_ae2cebb1c58169b05b0dcc
cd65eabc654_cgraph.pdf  used on input line 294.
(pdftex.def)             Requested size: 350.0pt x 123.21254pt.
 <./classtop_1_1_t_o_p_t_w_solution_ae2cebb1c58169b05b0dcccd65eabc654_icgraph.p
df>
<classtop_1_1_t_o_p_t_w_solution_ae2cebb1c58169b05b0dcccd65eabc654_icgraph.pdf,
 id=1593, 772.8875pt x 112.42pt>
File: classtop_1_1_t_o_p_t_w_solution_ae2cebb1c58169b05b0dcccd65eabc654_icgraph
.pdf Graphic file (type pdf)
<use classtop_1_1_t_o_p_t_w_solution_ae2cebb1c58169b05b0dcccd65eabc654_icgraph.
pdf>
Package pdftex.def Info: classtop_1_1_t_o_p_t_w_solution_ae2cebb1c58169b05b0dcc
cd65eabc654_icgraph.pdf  used on input line 302.
(pdftex.def)             Requested size: 350.0pt x 50.9093pt.
 <./classtop_1_1_t_o_p_t_w_solution_a56640aeccb436bb9dbb33381c274443f_icgraph.p
df>
<classtop_1_1_t_o_p_t_w_solution_a56640aeccb436bb9dbb33381c274443f_icgraph.pdf,
 id=1601, 965.6075pt x 112.42pt>
File: classtop_1_1_t_o_p_t_w_solution_a56640aeccb436bb9dbb33381c274443f_icgraph
.pdf Graphic file (type pdf)
<use classtop_1_1_t_o_p_t_w_solution_a56640aeccb436bb9dbb33381c274443f_icgraph.
pdf>
Package pdftex.def Info: classtop_1_1_t_o_p_t_w_solution_a56640aeccb436bb9dbb33
381c274443f_icgraph.pdf  used on input line 316.
(pdftex.def)             Requested size: 350.0pt x 40.74734pt.
 <./classtop_1_1_t_o_p_t_w_solution_a5df1eb3b6f4bc1265f12ffc201d86b0d_cgraph.pd
f>
<classtop_1_1_t_o_p_t_w_solution_a5df1eb3b6f4bc1265f12ffc201d86b0d_cgraph.pdf, 
id=1609, 782.925pt x 238.8925pt>
File: classtop_1_1_t_o_p_t_w_solution_a5df1eb3b6f4bc1265f12ffc201d86b0d_cgraph.
pdf Graphic file (type pdf)
<use classtop_1_1_t_o_p_t_w_solution_a5df1eb3b6f4bc1265f12ffc201d86b0d_cgraph.p
df>
Package pdftex.def Info: classtop_1_1_t_o_p_t_w_solution_a5df1eb3b6f4bc1265f12f
fc201d86b0d_cgraph.pdf  used on input line 330.
(pdftex.def)             Requested size: 350.0pt x 106.7971pt.


[50] <./classtop_1_1_t_o_p_t_w_solution_a77bd60e16c5a4672e71d5f525cbe5e25_icgra
ph.pdf>
<classtop_1_1_t_o_p_t_w_solution_a77bd60e16c5a4672e71d5f525cbe5e25_icgraph.pdf,
 id=1629, 999.735pt x 112.42pt>
File: classtop_1_1_t_o_p_t_w_solution_a77bd60e16c5a4672e71d5f525cbe5e25_icgraph
.pdf Graphic file (type pdf)
<use classtop_1_1_t_o_p_t_w_solution_a77bd60e16c5a4672e71d5f525cbe5e25_icgraph.
pdf>
Package pdftex.def Info: classtop_1_1_t_o_p_t_w_solution_a77bd60e16c5a4672e71d5
f525cbe5e25_icgraph.pdf  used on input line 362.
(pdftex.def)             Requested size: 350.0pt x 39.35788pt.
 <./classtop_1_1_t_o_p_t_w_solution_a2b1fb005fd139112ce576687b1dd7c34_icgraph.p
df>
<classtop_1_1_t_o_p_t_w_solution_a2b1fb005fd139112ce576687b1dd7c34_icgraph.pdf,
 id=1637, 991.705pt x 112.42pt>
File: classtop_1_1_t_o_p_t_w_solution_a2b1fb005fd139112ce576687b1dd7c34_icgraph
.pdf Graphic file (type pdf)
<use classtop_1_1_t_o_p_t_w_solution_a2b1fb005fd139112ce576687b1dd7c34_icgraph.
pdf>
Package pdftex.def Info: classtop_1_1_t_o_p_t_w_solution_a2b1fb005fd139112ce576
687b1dd7c34_icgraph.pdf  used on input line 376.
(pdftex.def)             Requested size: 350.0pt x 39.67522pt.


[51])

[52]
Chapter 7.
(_bellman_ford_8java.tex <./_bellman_ford_8java__incl.pdf>
<_bellman_ford_8java__incl.pdf, id=1668, 188.705pt x 168.63pt>
File: _bellman_ford_8java__incl.pdf Graphic file (type pdf)
<use _bellman_ford_8java__incl.pdf>
Package pdftex.def Info: _bellman_ford_8java__incl.pdf  used on input line 9.
(pdftex.def)             Requested size: 188.0pt x 167.99916pt.
)
(_exposito_utilities_8java.tex <./_exposito_utilities_8java__incl.pdf>
<_exposito_utilities_8java__incl.pdf, id=1678, 195.73125pt x 168.63pt>
File: _exposito_utilities_8java__incl.pdf Graphic file (type pdf)
<use _exposito_utilities_8java__incl.pdf>
Package pdftex.def Info: _exposito_utilities_8java__incl.pdf  used on input lin
e 9.
(pdftex.def)             Requested size: 195.0pt x 168.00946pt.


[53

]) (_power_set_8java.tex <./_power_set_8java__incl.pdf>
<_power_set_8java__incl.pdf, id=1699, 188.705pt x 168.63pt>
File: _power_set_8java__incl.pdf Graphic file (type pdf)
<use _power_set_8java__incl.pdf>
Package pdftex.def Info: _power_set_8java__incl.pdf  used on input line 9.
(pdftex.def)             Requested size: 188.0pt x 167.99916pt.
) (_pair_8java.tex <./_pair_8java__incl.pdf>
<_pair_8java__incl.pdf, id=1709, 176.66pt x 168.63pt>
File: _pair_8java__incl.pdf Graphic file (type pdf)
<use _pair_8java__incl.pdf>
Package pdftex.def Info: _pair_8java__incl.pdf  used on input line 9.
(pdftex.def)             Requested size: 176.0pt x 168.00174pt.


[54]) (main_t_o_p_t_w_8java.tex) (_t_o_p_t_w_8java.tex <./_t_o_p_t_w_8java__inc
l.pdf>
<_t_o_p_t_w_8java__incl.pdf, id=1733, 185.69376pt x 156.585pt>
File: _t_o_p_t_w_8java__incl.pdf Graphic file (type pdf)
<use _t_o_p_t_w_8java__incl.pdf>
Package pdftex.def Info: _t_o_p_t_w_8java__incl.pdf  used on input line 9.
(pdftex.def)             Requested size: 185.0pt x 156.004pt.


[55]) (_t_o_p_t_w_evaluator_8java.tex) (_t_o_p_t_w_g_r_a_s_p_8java.tex <./_t_o_
p_t_w_g_r_a_s_p_8java__incl.pdf>
<_t_o_p_t_w_g_r_a_s_p_8java__incl.pdf, id=1758, 220.825pt x 156.585pt>
File: _t_o_p_t_w_g_r_a_s_p_8java__incl.pdf Graphic file (type pdf)
<use _t_o_p_t_w_g_r_a_s_p_8java__incl.pdf>
Package pdftex.def Info: _t_o_p_t_w_g_r_a_s_p_8java__incl.pdf  used on input li
ne 9.
(pdftex.def)             Requested size: 220.0pt x 156.0064pt.


[56]) (_t_o_p_t_w_reader_8java.tex <./_t_o_p_t_w_reader_8java__incl.pdf>
<_t_o_p_t_w_reader_8java__incl.pdf, id=1780, 218.8175pt x 156.585pt>
File: _t_o_p_t_w_reader_8java__incl.pdf Graphic file (type pdf)
<use _t_o_p_t_w_reader_8java__incl.pdf>
Package pdftex.def Info: _t_o_p_t_w_reader_8java__incl.pdf  used on input line 
9.
(pdftex.def)             Requested size: 218.0pt x 156.00162pt.
)
(_t_o_p_t_w_route_8java.tex

[57]) (_t_o_p_t_w_solution_8java.tex <./_t_o_p_t_w_solution_8java__incl.pdf>
<_t_o_p_t_w_solution_8java__incl.pdf, id=1804, 221.82875pt x 156.585pt>
File: _t_o_p_t_w_solution_8java__incl.pdf Graphic file (type pdf)
<use _t_o_p_t_w_solution_8java__incl.pdf>
Package pdftex.def Info: _t_o_p_t_w_solution_8java__incl.pdf  used on input lin
e 9.
(pdftex.def)             Requested size: 221.0pt x 155.99922pt.
)

[58]
No file refman.ind.

Package longtable Warning: Table widths have changed. Rerun LaTeX.

(refman.aux)
 ***********
LaTeX2e <2024-06-01> patch level 2
L3 programming layer <2024-10-09>
 ***********


LaTeX Warning: There were undefined references.


LaTeX Warning: Label(s) may have changed. Rerun to get cross-references right.


Package rerunfilecheck Warning: File `refman.out' has changed.
(rerunfilecheck)                Rerun to get outlines right
(rerunfilecheck)                or use package `bookmark'.

Package rerunfilecheck Info: Checksums for `refman.out':
(rerunfilecheck)             Before: A3721210FA0FC1336BD450DDF498477D;1798
(rerunfilecheck)             After:  D0D68F79392C62B0C685862D297BFAF2;38118.
 ) 
Here is how much of TeX's memory you used:
 19651 strings out of 473897
 393593 string characters out of 5725517
 712763 words of memory out of 5000000
 41619 multiletter control sequences out of 15000+600000
 609644 words of font info for 108 fonts, out of 8000000 for 9000
 1141 hyphenation exceptions out of 8191
 101i,16n,117p,507b,612s stack positions out of 10000i,1000n,20000p,200000b,200000s
<C:/Users/Usuario/AppData/Local/Programs/MiKTeX/fonts/type1/public/amsfonts/c
m/cmmi10.pfb><C:/Users/Usuario/AppData/Local/Programs/MiKTeX/fonts/type1/public
/amsfonts/cm/cmmi12.pfb><C:/Users/Usuario/AppData/Local/Programs/MiKTeX/fonts/t
ype1/public/amsfonts/cm/cmmi8.pfb><C:/Users/Usuario/AppData/Local/Programs/MiKT
eX/fonts/type1/urw/courier/ucrb8a.pfb><C:/Users/Usuario/AppData/Local/Programs/
MiKTeX/fonts/type1/urw/courier/ucrr8a.pfb><C:/Users/Usuario/AppData/Local/Progr
ams/MiKTeX/fonts/type1/urw/courier/ucrro8a.pfb><C:/Users/Usuario/AppData/Local/
Programs/MiKTeX/fonts/type1/urw/helvetic/uhvb8a.pfb><C:/Users/Usuario/AppData/L
ocal/Programs/MiKTeX/fonts/type1/urw/helvetic/uhvb8ac.pfb><C:/Users/Usuario/App
Data/Local/Programs/MiKTeX/fonts/type1/urw/helvetic/uhvr8a.pfb><C:/Users/Usuari
o/AppData/Local/Programs/MiKTeX/fonts/type1/urw/helvetic/uhvro8a.pfb>
Output written on refman.pdf (60 pages, 2055523 bytes).
PDF statistics:
 1981 PDF objects out of 2073 (max. 8388607)
 527 named destinations out of 1000 (max. 500000)
 592 words of extra memory for PDF output out of 10000 (max. 10000000)

